                                        
                           Design Compiler Graphical 
                                 DC Ultra (TM)
                                  DFTMAX (TM)
                              Power Compiler (TM)
                                 DesignWare (R)
                                 DC Expert (TM)
                               Design Vision (TM)
                               HDL Compiler (TM)
                               VHDL Compiler (TM)
                                  DFT Compiler
                               Design Compiler(R)
                                        
                 Version K-2015.06 for linux64 - May 28, 2015 
                                        
                    Copyright (c) 1988 - 2015 Synopsys, Inc.
   This software and the associated documentation are proprietary to Synopsys,
 Inc. This software may only be used in accordance with the terms and conditions
 of a written license agreement with Synopsys, Inc. All other use, reproduction,
            or distribution of this software is strictly prohibited.
Initializing...
Initializing gui preferences from file  /home/IC/.synopsys_dv_prefs.tcl
define_design_lib work -path ./work
1
set_svf Design_Top.svf
1
lappend ../rtl
lappend search_path ../rtl/UART_RX
. /opt/Synopsys/Synplify2015/libraries/syn /opt/Synopsys/Synplify2015/minpower/syn /opt/Synopsys/Synplify2015/dw/syn_ver /opt/Synopsys/Synplify2015/dw/sim_ver ../rtl/UART_RX
lappend search_path ../rtl//UART_TOP
. /opt/Synopsys/Synplify2015/libraries/syn /opt/Synopsys/Synplify2015/minpower/syn /opt/Synopsys/Synplify2015/dw/syn_ver /opt/Synopsys/Synplify2015/dw/sim_ver ../rtl/UART_RX ../rtl//UART_TOP
lappend search_path ./rtl/UART_TX
. /opt/Synopsys/Synplify2015/libraries/syn /opt/Synopsys/Synplify2015/minpower/syn /opt/Synopsys/Synplify2015/dw/syn_ver /opt/Synopsys/Synplify2015/dw/sim_ver ../rtl/UART_RX ../rtl//UART_TOP ./rtl/UART_TX
lappend search_path ../std_cells
. /opt/Synopsys/Synplify2015/libraries/syn /opt/Synopsys/Synplify2015/minpower/syn /opt/Synopsys/Synplify2015/dw/syn_ver /opt/Synopsys/Synplify2015/dw/sim_ver ../rtl/UART_RX ../rtl//UART_TOP ./rtl/UART_TX ../std_cells
set TTLIB "scmetro_tsmc_cl013g_rvt_tt_1p2v_25c.db"
scmetro_tsmc_cl013g_rvt_tt_1p2v_25c.db
set SSLIB "scmetro_tsmc_cl013g_rvt_ss_1p08v_125c.db"
scmetro_tsmc_cl013g_rvt_ss_1p08v_125c.db
set FFLIB "scmetro_tsmc_cl013g_rvt_ff_1p32v_m40c.db"
scmetro_tsmc_cl013g_rvt_ff_1p32v_m40c.db
## Standard Cell libraries 
set target_library [list $TTLIB]
scmetro_tsmc_cl013g_rvt_tt_1p2v_25c.db
## Standard Cell & Hard Macros libraries 
set link_library [list * $TTLIB $SSLIB $FFLIB]  
* scmetro_tsmc_cl013g_rvt_tt_1p2v_25c.db scmetro_tsmc_cl013g_rvt_ss_1p08v_125c.db scmetro_tsmc_cl013g_rvt_ff_1p32v_m40c.db
echo "###############################################"
###############################################
echo "############# Reading RTL Files  ##############"
############# Reading RTL Files  ##############
echo "###############################################"
###############################################
read_file {../rtl/} -autoread -recursive -format verilog -top Design_Top
== READ_FILE autoread for top design 'Design_Top' ==

Starting READ_FILE autoread mode...
Warning: Defining design library 'WORK' at directory '/mnt/hgfs/Courses/System/System/dft/WORK_autoread'. (AUTOREAD-107)
Information: Adding '/mnt/hgfs/Courses/System/System/rtl/'.  (AUTOREAD-100)
Warning: Adding missing directory to search_path - '/mnt/hgfs/Courses/System/System/rtl/'. (AUTOREAD-105)
Warning: Adding missing directory to search_path - '/mnt/hgfs/Courses/System/System/rtl/Clock_Gating_and_Div'. (AUTOREAD-105)
Information: Adding '/mnt/hgfs/Courses/System/System/rtl/Clock_Gating_and_Div'.  (AUTOREAD-100)
Warning: Adding missing directory to search_path - '/mnt/hgfs/Courses/System/System/rtl/Syncronizers'. (AUTOREAD-105)
Information: Adding '/mnt/hgfs/Courses/System/System/rtl/Syncronizers'.  (AUTOREAD-100)
Warning: Adding missing directory to search_path - '/mnt/hgfs/Courses/System/System/rtl/System_Blocks'. (AUTOREAD-105)
Information: Adding '/mnt/hgfs/Courses/System/System/rtl/System_Blocks'.  (AUTOREAD-100)
Information: Adding '/mnt/hgfs/Courses/System/System/rtl/UART_RX'.  (AUTOREAD-100)
Information: Adding '/mnt/hgfs/Courses/System/System/rtl/UART_TOP'.  (AUTOREAD-100)
Warning: Adding missing directory to search_path - '/mnt/hgfs/Courses/System/System/rtl/UART_TX'. (AUTOREAD-105)
Information: Adding '/mnt/hgfs/Courses/System/System/rtl/UART_TX'.  (AUTOREAD-100)
Information: Adding '/mnt/hgfs/Courses/System/System/rtl/Clock_Gating_and_Div/Clock_Divider.v'.  (AUTOREAD-100)
Information: Adding '/mnt/hgfs/Courses/System/System/rtl/Clock_Gating_and_Div/Clock_Gating.v'.  (AUTOREAD-100)
Information: Adding '/mnt/hgfs/Courses/System/System/rtl/Syncronizers/Data_Sync.v'.  (AUTOREAD-100)
Information: Adding '/mnt/hgfs/Courses/System/System/rtl/Syncronizers/Pulse_Gen.v'.  (AUTOREAD-100)
Information: Adding '/mnt/hgfs/Courses/System/System/rtl/Syncronizers/RST_Sync.v'.  (AUTOREAD-100)
Information: Adding '/mnt/hgfs/Courses/System/System/rtl/Syncronizers/Synchronizer.v'.  (AUTOREAD-100)
Information: Adding '/mnt/hgfs/Courses/System/System/rtl/System_Blocks/ALU.v'.  (AUTOREAD-100)
Information: Adding '/mnt/hgfs/Courses/System/System/rtl/System_Blocks/Design_Top.v'.  (AUTOREAD-100)
Information: Adding '/mnt/hgfs/Courses/System/System/rtl/System_Blocks/REG_File.v'.  (AUTOREAD-100)
Information: Adding '/mnt/hgfs/Courses/System/System/rtl/System_Blocks/RX_Controler.v'.  (AUTOREAD-100)
Information: Adding '/mnt/hgfs/Courses/System/System/rtl/System_Blocks/Tx_Controler.v'.  (AUTOREAD-100)
Information: Adding '/mnt/hgfs/Courses/System/System/rtl/UART_RX/Bits_Counter.v'.  (AUTOREAD-100)
Information: Adding '/mnt/hgfs/Courses/System/System/rtl/UART_RX/Counter_Unit.v'.  (AUTOREAD-100)
Information: Adding '/mnt/hgfs/Courses/System/System/rtl/UART_RX/Data_Sampling.v'.  (AUTOREAD-100)
Information: Adding '/mnt/hgfs/Courses/System/System/rtl/UART_RX/Deserializer.v'.  (AUTOREAD-100)
Information: Adding '/mnt/hgfs/Courses/System/System/rtl/UART_RX/Edge_Bit_Counter.v'.  (AUTOREAD-100)
Information: Adding '/mnt/hgfs/Courses/System/System/rtl/UART_RX/Error_Unit.v'.  (AUTOREAD-100)
Information: Adding '/mnt/hgfs/Courses/System/System/rtl/UART_RX/RX.v'.  (AUTOREAD-100)
Information: Adding '/mnt/hgfs/Courses/System/System/rtl/UART_RX/RX_FSM.v'.  (AUTOREAD-100)
Information: Adding '/mnt/hgfs/Courses/System/System/rtl/UART_TOP/MUX2.v'.  (AUTOREAD-100)
Information: Adding '/mnt/hgfs/Courses/System/System/rtl/UART_TOP/UART.v'.  (AUTOREAD-100)
Information: Adding '/mnt/hgfs/Courses/System/System/rtl/UART_TX/Counter.v'.  (AUTOREAD-100)
Information: Adding '/mnt/hgfs/Courses/System/System/rtl/UART_TX/FSM.v'.  (AUTOREAD-100)
Information: Adding '/mnt/hgfs/Courses/System/System/rtl/UART_TX/Mux_4.v'.  (AUTOREAD-100)
Information: Adding '/mnt/hgfs/Courses/System/System/rtl/UART_TX/Parity_Unit.v'.  (AUTOREAD-100)
Information: Adding '/mnt/hgfs/Courses/System/System/rtl/UART_TX/Serializer.v'.  (AUTOREAD-100)
Information: Adding '/mnt/hgfs/Courses/System/System/rtl/UART_TX/Serializer_Top.v'.  (AUTOREAD-100)
Information: Adding '/mnt/hgfs/Courses/System/System/rtl/UART_TX/UART_TX_Top.v'.  (AUTOREAD-100)
Information: Scanning file { Clock_Divider.v }. (AUTOREAD-303)
Information: Scanning file { Clock_Gating.v }. (AUTOREAD-303)
Information: Scanning file { Data_Sync.v }. (AUTOREAD-303)
Information: Scanning file { Pulse_Gen.v }. (AUTOREAD-303)
Information: Scanning file { RST_Sync.v }. (AUTOREAD-303)
Information: Scanning file { Synchronizer.v }. (AUTOREAD-303)
Information: Scanning file { ALU.v }. (AUTOREAD-303)
Information: Scanning file { Design_Top.v }. (AUTOREAD-303)
Information: Scanning file { REG_File.v }. (AUTOREAD-303)
Information: Scanning file { RX_Controler.v }. (AUTOREAD-303)
Information: Scanning file { Tx_Controler.v }. (AUTOREAD-303)
Information: Scanning file { Bits_Counter.v }. (AUTOREAD-303)
Information: Scanning file { Counter_Unit.v }. (AUTOREAD-303)
Information: Scanning file { Data_Sampling.v }. (AUTOREAD-303)
Information: Scanning file { Deserializer.v }. (AUTOREAD-303)
Information: Scanning file { Edge_Bit_Counter.v }. (AUTOREAD-303)
Information: Scanning file { Error_Unit.v }. (AUTOREAD-303)
Information: Scanning file { RX.v }. (AUTOREAD-303)
Information: Scanning file { RX_FSM.v }. (AUTOREAD-303)
Information: Scanning file { MUX2.v }. (AUTOREAD-303)
Information: Scanning file { UART.v }. (AUTOREAD-303)
Information: Scanning file { Counter.v }. (AUTOREAD-303)
Information: Scanning file { FSM.v }. (AUTOREAD-303)
Information: Scanning file { Mux_4.v }. (AUTOREAD-303)
Information: Scanning file { Parity_Unit.v }. (AUTOREAD-303)
Information: Scanning file { Serializer.v }. (AUTOREAD-303)
Information: Scanning file { Serializer_Top.v }. (AUTOREAD-303)
Information: Scanning file { UART_TX_Top.v }. (AUTOREAD-303)
Compiling source file /mnt/hgfs/Courses/System/System/rtl/UART_TOP/MUX2.v
Presto compilation completed successfully.
Compiling source file /mnt/hgfs/Courses/System/System/rtl/System_Blocks/RX_Controler.v
Presto compilation completed successfully.
Compiling source file /mnt/hgfs/Courses/System/System/rtl/Syncronizers/Synchronizer.v
Warning:  /mnt/hgfs/Courses/System/System/rtl/Syncronizers/Synchronizer.v:31: A unnamed generate block with an LRM-defined name 'genblk1' is detected, which is incompatible with Verilog standard 2001 or 1995. (VER-944)
Presto compilation completed successfully.
Compiling source file /mnt/hgfs/Courses/System/System/rtl/Syncronizers/Pulse_Gen.v
Presto compilation completed successfully.
Compiling source file /mnt/hgfs/Courses/System/System/rtl/Syncronizers/Data_Sync.v
Presto compilation completed successfully.
Compiling source file /mnt/hgfs/Courses/System/System/rtl/System_Blocks/Tx_Controler.v
Presto compilation completed successfully.
Compiling source file /mnt/hgfs/Courses/System/System/rtl/System_Blocks/ALU.v
Presto compilation completed successfully.
Compiling source file /mnt/hgfs/Courses/System/System/rtl/Clock_Gating_and_Div/Clock_Gating.v
Presto compilation completed successfully.
Compiling source file /mnt/hgfs/Courses/System/System/rtl/System_Blocks/REG_File.v
Presto compilation completed successfully.
Compiling source file /mnt/hgfs/Courses/System/System/rtl/UART_RX/RX_FSM.v
Presto compilation completed successfully.
Compiling source file /mnt/hgfs/Courses/System/System/rtl/UART_RX/Error_Unit.v
Presto compilation completed successfully.
Compiling source file /mnt/hgfs/Courses/System/System/rtl/UART_RX/Bits_Counter.v
Presto compilation completed successfully.
Compiling source file /mnt/hgfs/Courses/System/System/rtl/UART_RX/Edge_Bit_Counter.v
Presto compilation completed successfully.
Compiling source file /mnt/hgfs/Courses/System/System/rtl/UART_RX/Counter_Unit.v
Presto compilation completed successfully.
Compiling source file /mnt/hgfs/Courses/System/System/rtl/UART_RX/Data_Sampling.v
Presto compilation completed successfully.
Compiling source file /mnt/hgfs/Courses/System/System/rtl/UART_RX/Deserializer.v
Presto compilation completed successfully.
Compiling source file /mnt/hgfs/Courses/System/System/rtl/UART_RX/RX.v
Presto compilation completed successfully.
Compiling source file /mnt/hgfs/Courses/System/System/rtl/UART_TX/Counter.v
Presto compilation completed successfully.
Compiling source file /mnt/hgfs/Courses/System/System/rtl/UART_TX/Serializer.v
Presto compilation completed successfully.
Compiling source file /mnt/hgfs/Courses/System/System/rtl/UART_TX/Serializer_Top.v
Presto compilation completed successfully.
Compiling source file /mnt/hgfs/Courses/System/System/rtl/UART_TX/FSM.v
Presto compilation completed successfully.
Compiling source file /mnt/hgfs/Courses/System/System/rtl/UART_TX/Parity_Unit.v
Presto compilation completed successfully.
Compiling source file /mnt/hgfs/Courses/System/System/rtl/UART_TX/Mux_4.v
Presto compilation completed successfully.
Compiling source file /mnt/hgfs/Courses/System/System/rtl/UART_TX/UART_TX_Top.v
Presto compilation completed successfully.
Compiling source file /mnt/hgfs/Courses/System/System/rtl/UART_TOP/UART.v
Presto compilation completed successfully.
Compiling source file /mnt/hgfs/Courses/System/System/rtl/Clock_Gating_and_Div/Clock_Divider.v
Presto compilation completed successfully.
Compiling source file /mnt/hgfs/Courses/System/System/rtl/Syncronizers/RST_Sync.v
Presto compilation completed successfully.
Compiling source file /mnt/hgfs/Courses/System/System/rtl/System_Blocks/Design_Top.v
Presto compilation completed successfully.
Elaborating top design Design_Top
Loading db file '/mnt/hgfs/Courses/System/System/std_cells/scmetro_tsmc_cl013g_rvt_tt_1p2v_25c.db'
Loading db file '/mnt/hgfs/Courses/System/System/std_cells/scmetro_tsmc_cl013g_rvt_ss_1p08v_125c.db'
Loading db file '/mnt/hgfs/Courses/System/System/std_cells/scmetro_tsmc_cl013g_rvt_ff_1p32v_m40c.db'
Loading db file '/opt/Synopsys/Synplify2015/libraries/syn/gtech.db'
Loading db file '/opt/Synopsys/Synplify2015/libraries/syn/standard.sldb'
  Loading link library 'scmetro_tsmc_cl013g_rvt_tt_1p2v_25c'
  Loading link library 'scmetro_tsmc_cl013g_rvt_ss_1p08v_125c'
  Loading link library 'scmetro_tsmc_cl013g_rvt_ff_1p32v_m40c'
  Loading link library 'gtech'
Running PRESTO HDLC
Presto compilation completed successfully.
Elaborated 1 design.
Current design is now 'Design_Top'.
Information: Building the design 'MUX2'. (HDL-193)
Presto compilation completed successfully.
Information: Building the design 'RX_Controler' instantiated from design 'Design_Top' with
	the parameters "Data_width=32'h00000008,REG_File_Depth=32'h00000010,Address_Depth=32'h00000004,Num_Of_instructions=32'h0000000e,Decoder_Size=32'h00000004". (HDL-193)

Statistics for case statements in always block at line 58 in file
	'/mnt/hgfs/Courses/System/System/rtl/System_Blocks/RX_Controler.v'
===============================================
|           Line           |  full/ parallel  |
===============================================
|            67            |    auto/auto     |
|            70            |    auto/auto     |
===============================================

Inferred memory devices in process
	in routine RX_Controler_00000008_00000010_00000004_0000000e_00000004 line 39 in file
		'/mnt/hgfs/Courses/System/System/rtl/System_Blocks/RX_Controler.v'.
===============================================================================
|    Register Name    |   Type    | Width | Bus | MB | AR | AS | SR | SS | ST |
===============================================================================
|  Current_State_reg  | Flip-flop |   3   |  Y  | N  | Y  | N  | N  | N  | N  |
===============================================================================

Inferred memory devices in process
	in routine RX_Controler_00000008_00000010_00000004_0000000e_00000004 line 48 in file
		'/mnt/hgfs/Courses/System/System/rtl/System_Blocks/RX_Controler.v'.
===============================================================================
|    Register Name    |   Type    | Width | Bus | MB | AR | AS | SR | SS | ST |
===============================================================================
|   Saved_Data_reg    | Flip-flop |   4   |  Y  | N  | Y  | N  | N  | N  | N  |
===============================================================================
Presto compilation completed successfully.
Information: Building the design 'Data_Sync'. (HDL-193)

Inferred memory devices in process
	in routine Data_Sync line 14 in file
		'/mnt/hgfs/Courses/System/System/rtl/Syncronizers/Data_Sync.v'.
===============================================================================
|    Register Name    |   Type    | Width | Bus | MB | AR | AS | SR | SS | ST |
===============================================================================
|    Sync_Bus_reg     | Flip-flop |   8   |  Y  | N  | Y  | N  | N  | N  | N  |
===============================================================================

Inferred memory devices in process
	in routine Data_Sync line 24 in file
		'/mnt/hgfs/Courses/System/System/rtl/Syncronizers/Data_Sync.v'.
===============================================================================
|    Register Name    |   Type    | Width | Bus | MB | AR | AS | SR | SS | ST |
===============================================================================
|  Enable_Pulse_reg   | Flip-flop |   1   |  N  | N  | Y  | N  | N  | N  | N  |
===============================================================================
Presto compilation completed successfully.
Information: Building the design 'Tx_Controler' instantiated from design 'Design_Top' with
	the parameters "Data_width=32'h00000008,ALU_Output_Data_width=32'h00000010". (HDL-193)

Statistics for case statements in always block at line 50 in file
	'/mnt/hgfs/Courses/System/System/rtl/System_Blocks/Tx_Controler.v'
===============================================
|           Line           |  full/ parallel  |
===============================================
|            53            |    auto/auto     |
|            56            |    auto/auto     |
===============================================

Inferred memory devices in process
	in routine Tx_Controler_00000008_00000010 line 31 in file
		'/mnt/hgfs/Courses/System/System/rtl/System_Blocks/Tx_Controler.v'.
===============================================================================
|    Register Name    |   Type    | Width | Bus | MB | AR | AS | SR | SS | ST |
===============================================================================
|  Current_State_reg  | Flip-flop |   3   |  Y  | N  | Y  | N  | N  | N  | N  |
===============================================================================
Presto compilation completed successfully.
Information: Building the design 'ALU' instantiated from design 'Design_Top' with
	the parameters "Data_width=32'h00000008,Output_Data_width=32'h00000010,Num_Of_instructions=32'h0000000e,Decoder_Size=32'h00000004". (HDL-193)

Statistics for case statements in always block at line 47 in file
	'/mnt/hgfs/Courses/System/System/rtl/System_Blocks/ALU.v'
===============================================
|           Line           |  full/ parallel  |
===============================================
|            53            |    auto/auto     |
===============================================

Inferred memory devices in process
	in routine ALU_00000008_00000010_0000000e_00000004 line 36 in file
		'/mnt/hgfs/Courses/System/System/rtl/System_Blocks/ALU.v'.
===============================================================================
|    Register Name    |   Type    | Width | Bus | MB | AR | AS | SR | SS | ST |
===============================================================================
|     ALU_Out_reg     | Flip-flop |  16   |  Y  | N  | Y  | N  | N  | N  | N  |
|    Out_Valid_reg    | Flip-flop |   1   |  N  | N  | Y  | N  | N  | N  | N  |
===============================================================================
Presto compilation completed successfully.
Information: Building the design 'Clock_Gating'. (HDL-193)
Presto compilation completed successfully.
Information: Building the design 'REG_File' instantiated from design 'Design_Top' with
	the parameters "Data_width=32'h00000008,REG_File_Depth=32'h00000010,Address_Depth=32'h00000004,ALU_Operand_A_RST=32'h00000000,ALU_Operand_B_RST=32'h00000000,UART_Config_RST=32'h0000001c,Div_Ratio_RST=32'h00000008". (HDL-193)
Warning:  /mnt/hgfs/Courses/System/System/rtl/System_Blocks/REG_File.v:32: signed to unsigned conversion occurs. (VER-318)

Inferred memory devices in process
	in routine REG_File_00000008_00000010_00000004_00000000_00000000_0000001c_00000008 line 23 in file
		'/mnt/hgfs/Courses/System/System/rtl/System_Blocks/REG_File.v'.
===============================================================================
|    Register Name    |   Type    | Width | Bus | MB | AR | AS | SR | SS | ST |
===============================================================================
|     Memory_reg      | Flip-flop |  124  |  Y  | N  | Y  | N  | N  | N  | N  |
|     Memory_reg      | Flip-flop |   4   |  Y  | N  | N  | Y  | N  | N  | N  |
===============================================================================
Statistics for MUX_OPs
=====================================================================================================================
|                              block name/line                               | Inputs | Outputs | # sel inputs | MB |
=====================================================================================================================
| REG_File_00000008_00000010_00000004_00000000_00000000_0000001c_00000008/41 |   16   |    8    |      4       | N  |
=====================================================================================================================
Presto compilation completed successfully.
Information: Building the design 'UART'. (HDL-193)
Presto compilation completed successfully.
Information: Building the design 'Multi_Flop_Synchronizer'. (HDL-193)

Inferred memory devices in process
	in routine Multi_Flop_Synchronizer line 10 in file
		'/mnt/hgfs/Courses/System/System/rtl/Syncronizers/Synchronizer.v'.
===============================================================================
|    Register Name    |   Type    | Width | Bus | MB | AR | AS | SR | SS | ST |
===============================================================================
|        Q_reg        | Flip-flop |   1   |  N  | N  | Y  | N  | N  | N  | N  |
|      sync_reg       | Flip-flop |   1   |  N  | N  | Y  | N  | N  | N  | N  |
===============================================================================
Presto compilation completed successfully.
Information: Building the design 'Clock_Divider'. (HDL-193)

Inferred memory devices in process
	in routine Clock_Divider line 16 in file
		'/mnt/hgfs/Courses/System/System/rtl/Clock_Gating_and_Div/Clock_Divider.v'.
===============================================================================
|    Register Name    |   Type    | Width | Bus | MB | AR | AS | SR | SS | ST |
===============================================================================
|  odd_edge_tog_reg   | Flip-flop |   1   |  N  | N  | N  | Y  | N  | N  | N  |
|     couter_reg      | Flip-flop |   4   |  Y  | N  | Y  | N  | N  | N  | N  |
|     div_clk_reg     | Flip-flop |   1   |  N  | N  | Y  | N  | N  | N  | N  |
===============================================================================
Presto compilation completed successfully.
Information: Building the design 'RST_Sync'. (HDL-193)
Presto compilation completed successfully.
Information: Building the design 'Multi_Flop_Synchronizer_Multi_bits' instantiated from design 'Data_Sync' with
	the parameters "NUM_STAGES=2,BUS_WIDTH=1". (HDL-193)
Presto compilation completed successfully.
Information: Building the design 'Pulse_Gen'. (HDL-193)

Inferred memory devices in process
	in routine Pulse_Gen line 8 in file
		'/mnt/hgfs/Courses/System/System/rtl/Syncronizers/Pulse_Gen.v'.
===============================================================================
|    Register Name    |   Type    | Width | Bus | MB | AR | AS | SR | SS | ST |
===============================================================================
|        Q_reg        | Flip-flop |   1   |  N  | N  | Y  | N  | N  | N  | N  |
===============================================================================
Presto compilation completed successfully.
Information: Building the design 'RX'. (HDL-193)
Presto compilation completed successfully.
Information: Building the design 'UART_TX_Top'. (HDL-193)
Presto compilation completed successfully.
Information: Building the design 'Multi_Flop_Synchronizer' instantiated from design 'RST_Sync' with
	the parameters "NUM_STAGES=2". (HDL-193)

Inferred memory devices in process
	in routine Multi_Flop_Synchronizer_NUM_STAGES2 line 10 in file
		'/mnt/hgfs/Courses/System/System/rtl/Syncronizers/Synchronizer.v'.
===============================================================================
|    Register Name    |   Type    | Width | Bus | MB | AR | AS | SR | SS | ST |
===============================================================================
|        Q_reg        | Flip-flop |   1   |  N  | N  | Y  | N  | N  | N  | N  |
|      sync_reg       | Flip-flop |   1   |  N  | N  | Y  | N  | N  | N  | N  |
===============================================================================
Presto compilation completed successfully.
Information: Building the design 'RX_FSM'. (HDL-193)

Statistics for case statements in always block at line 55 in file
	'/mnt/hgfs/Courses/System/System/rtl/UART_RX/RX_FSM.v'
===============================================
|           Line           |  full/ parallel  |
===============================================
|            68            |    auto/auto     |
===============================================

Inferred memory devices in process
	in routine RX_FSM line 45 in file
		'/mnt/hgfs/Courses/System/System/rtl/UART_RX/RX_FSM.v'.
===============================================================================
|    Register Name    |   Type    | Width | Bus | MB | AR | AS | SR | SS | ST |
===============================================================================
|  CurrentState_reg   | Flip-flop |   3   |  Y  | N  | Y  | N  | N  | N  | N  |
===============================================================================

Inferred memory devices in process
	in routine RX_FSM line 161 in file
		'/mnt/hgfs/Courses/System/System/rtl/UART_RX/RX_FSM.v'.
===============================================================================
|    Register Name    |   Type    | Width | Bus | MB | AR | AS | SR | SS | ST |
===============================================================================
|   data_valid_reg    | Flip-flop |   1   |  N  | N  | Y  | N  | N  | N  | N  |
===============================================================================

Inferred memory devices in process
	in routine RX_FSM line 173 in file
		'/mnt/hgfs/Courses/System/System/rtl/UART_RX/RX_FSM.v'.
===============================================================================
|    Register Name    |   Type    | Width | Bus | MB | AR | AS | SR | SS | ST |
===============================================================================
|    Error_REG_reg    | Flip-flop |   1   |  N  | N  | Y  | N  | N  | N  | N  |
===============================================================================
Presto compilation completed successfully.
Information: Building the design 'Error_Unit'. (HDL-193)
Presto compilation completed successfully.
Information: Building the design 'Counter_Unit'. (HDL-193)
Presto compilation completed successfully.
Information: Building the design 'Data_Sampling'. (HDL-193)

Inferred memory devices in process
	in routine Data_Sampling line 21 in file
		'/mnt/hgfs/Courses/System/System/rtl/UART_RX/Data_Sampling.v'.
===============================================================================
|    Register Name    |   Type    | Width | Bus | MB | AR | AS | SR | SS | ST |
===============================================================================
|      bits_reg       | Flip-flop |   3   |  Y  | N  | Y  | N  | N  | N  | N  |
===============================================================================
Presto compilation completed successfully.
Information: Building the design 'Deserializer'. (HDL-193)

Inferred memory devices in process
	in routine Deserializer line 13 in file
		'/mnt/hgfs/Courses/System/System/rtl/UART_RX/Deserializer.v'.
===============================================================================
|    Register Name    |   Type    | Width | Bus | MB | AR | AS | SR | SS | ST |
===============================================================================
|      Data_reg       | Flip-flop |   8   |  Y  | N  | Y  | N  | N  | N  | N  |
===============================================================================
Presto compilation completed successfully.
Information: Building the design 'Serializer_Top'. (HDL-193)
Presto compilation completed successfully.
Information: Building the design 'FSM'. (HDL-193)

Statistics for case statements in always block at line 29 in file
	'/mnt/hgfs/Courses/System/System/rtl/UART_TX/FSM.v'
===============================================
|           Line           |  full/ parallel  |
===============================================
|            31            |    auto/auto     |
===============================================

Inferred memory devices in process
	in routine FSM line 21 in file
		'/mnt/hgfs/Courses/System/System/rtl/UART_TX/FSM.v'.
===============================================================================
|    Register Name    |   Type    | Width | Bus | MB | AR | AS | SR | SS | ST |
===============================================================================
|  Current_State_reg  | Flip-flop |   2   |  Y  | N  | Y  | N  | N  | N  | N  |
===============================================================================
Presto compilation completed successfully.
Information: Building the design 'Parity_Unit'. (HDL-193)

Inferred memory devices in process
	in routine Parity_Unit line 8 in file
		'/mnt/hgfs/Courses/System/System/rtl/UART_TX/Parity_Unit.v'.
===============================================================================
|    Register Name    |   Type    | Width | Bus | MB | AR | AS | SR | SS | ST |
===============================================================================
|     Par_Bit_reg     | Flip-flop |   1   |  N  | N  | N  | N  | N  | N  | N  |
===============================================================================
Presto compilation completed successfully.
Information: Building the design 'Mux_4'. (HDL-193)

Statistics for case statements in always block at line 13 in file
	'/mnt/hgfs/Courses/System/System/rtl/UART_TX/Mux_4.v'
===============================================
|           Line           |  full/ parallel  |
===============================================
|            14            |    auto/auto     |
===============================================
Presto compilation completed successfully.
Information: Building the design 'Bits_Counter'. (HDL-193)

Inferred memory devices in process
	in routine Bits_Counter line 15 in file
		'/mnt/hgfs/Courses/System/System/rtl/UART_RX/Bits_Counter.v'.
===============================================================================
|    Register Name    |   Type    | Width | Bus | MB | AR | AS | SR | SS | ST |
===============================================================================
|  bits_counter_reg   | Flip-flop |   3   |  Y  | N  | Y  | N  | N  | N  | N  |
===============================================================================
Presto compilation completed successfully.
Information: Building the design 'Edge_Bit_Counter'. (HDL-193)

Inferred memory devices in process
	in routine Edge_Bit_Counter line 15 in file
		'/mnt/hgfs/Courses/System/System/rtl/UART_RX/Edge_Bit_Counter.v'.
===============================================================================
|    Register Name    |   Type    | Width | Bus | MB | AR | AS | SR | SS | ST |
===============================================================================
|    edge_cnt_reg     | Flip-flop |   5   |  Y  | N  | Y  | N  | N  | N  | N  |
===============================================================================

Inferred memory devices in process
	in routine Edge_Bit_Counter line 25 in file
		'/mnt/hgfs/Courses/System/System/rtl/UART_RX/Edge_Bit_Counter.v'.
===============================================================================
|    Register Name    |   Type    | Width | Bus | MB | AR | AS | SR | SS | ST |
===============================================================================
|     finish_reg      | Flip-flop |   1   |  N  | N  | Y  | N  | N  | N  | N  |
===============================================================================
Presto compilation completed successfully.
Information: Building the design 'Counter'. (HDL-193)

Inferred memory devices in process
	in routine Counter line 12 in file
		'/mnt/hgfs/Courses/System/System/rtl/UART_TX/Counter.v'.
===============================================================================
|    Register Name    |   Type    | Width | Bus | MB | AR | AS | SR | SS | ST |
===============================================================================
|     Counter_reg     | Flip-flop |   3   |  Y  | N  | Y  | N  | N  | N  | N  |
===============================================================================
Presto compilation completed successfully.
Information: Building the design 'Serializer'. (HDL-193)

Inferred memory devices in process
	in routine Serializer line 14 in file
		'/mnt/hgfs/Courses/System/System/rtl/UART_TX/Serializer.v'.
===============================================================================
|    Register Name    |   Type    | Width | Bus | MB | AR | AS | SR | SS | ST |
===============================================================================
|      Data_reg       | Flip-flop |   8   |  Y  | N  | Y  | N  | N  | N  | N  |
===============================================================================
Presto compilation completed successfully.
Autoread command completed successfully.
echo "###############################################"
###############################################
echo "# Linking The Top Module with its submodules  #"
# Linking The Top Module with its submodules  #
echo "###############################################"
###############################################
link 

  Linking design 'Design_Top'
  Using the following designs and libraries:
  --------------------------------------------------------------------------
  * (30 designs)              /mnt/hgfs/Courses/System/System/dft/Design_Top.db, etc
  scmetro_tsmc_cl013g_rvt_tt_1p2v_25c (library) /mnt/hgfs/Courses/System/System/std_cells/scmetro_tsmc_cl013g_rvt_tt_1p2v_25c.db
  scmetro_tsmc_cl013g_rvt_ss_1p08v_125c (library) /mnt/hgfs/Courses/System/System/std_cells/scmetro_tsmc_cl013g_rvt_ss_1p08v_125c.db
  scmetro_tsmc_cl013g_rvt_ff_1p32v_m40c (library) /mnt/hgfs/Courses/System/System/std_cells/scmetro_tsmc_cl013g_rvt_ff_1p32v_m40c.db

1
############# Make unique copies of replicated modules by ##################
############# giving each replicated module a unique name  #############
#uniquify
echo "#############################Check design #######################################"
#############################Check design #######################################
check_design
 
****************************************
check_design summary:
Version:     K-2015.06
Date:        Fri Aug 26 03:55:59 2022
****************************************

                   Name                                            Total
--------------------------------------------------------------------------------
Inputs/Outputs                                                     14
    Unconnected ports (LINT-28)                                    14

Cells                                                              17
    Cells do not drive (LINT-1)                                    15
    Connected to power or ground (LINT-32)                          2
--------------------------------------------------------------------------------

Warning: In design 'ALU_00000008_00000010_0000000e_00000004', cell 'C341' does not drive any nets. (LINT-1)
Warning: In design 'ALU_00000008_00000010_0000000e_00000004', cell 'C342' does not drive any nets. (LINT-1)
Warning: In design 'ALU_00000008_00000010_0000000e_00000004', cell 'C343' does not drive any nets. (LINT-1)
Warning: In design 'ALU_00000008_00000010_0000000e_00000004', cell 'C344' does not drive any nets. (LINT-1)
Warning: In design 'ALU_00000008_00000010_0000000e_00000004', cell 'C369' does not drive any nets. (LINT-1)
Warning: In design 'ALU_00000008_00000010_0000000e_00000004', cell 'C371' does not drive any nets. (LINT-1)
Warning: In design 'ALU_00000008_00000010_0000000e_00000004', cell 'C373' does not drive any nets. (LINT-1)
Warning: In design 'Clock_Divider', cell 'C102' does not drive any nets. (LINT-1)
Warning: In design 'RX_FSM', cell 'B_14' does not drive any nets. (LINT-1)
Warning: In design 'RX_FSM', cell 'B_15' does not drive any nets. (LINT-1)
Warning: In design 'RX_FSM', cell 'B_16' does not drive any nets. (LINT-1)
Warning: In design 'RX_FSM', cell 'B_17' does not drive any nets. (LINT-1)
Warning: In design 'Bits_Counter', cell 'C36' does not drive any nets. (LINT-1)
Warning: In design 'Edge_Bit_Counter', cell 'C53' does not drive any nets. (LINT-1)
Warning: In design 'Counter', cell 'C35' does not drive any nets. (LINT-1)
Warning: In design 'Design_Top', port 'SE' is not connected to any nets. (LINT-28)
Warning: In design 'Design_Top', port 'SI[2]' is not connected to any nets. (LINT-28)
Warning: In design 'Design_Top', port 'SI[1]' is not connected to any nets. (LINT-28)
Warning: In design 'Design_Top', port 'SI[0]' is not connected to any nets. (LINT-28)
Warning: In design 'Design_Top', port 'SO[2]' is not connected to any nets. (LINT-28)
Warning: In design 'Design_Top', port 'SO[1]' is not connected to any nets. (LINT-28)
Warning: In design 'Design_Top', port 'SO[0]' is not connected to any nets. (LINT-28)
Warning: In design 'Error_Unit', port 'clk' is not connected to any nets. (LINT-28)
Warning: In design 'Error_Unit', port 'rst' is not connected to any nets. (LINT-28)
Warning: In design 'Parity_Unit', port 'Data_Valid' is not connected to any nets. (LINT-28)
Warning: In design 'Mux_4', port 'clk' is not connected to any nets. (LINT-28)
Warning: In design 'Serializer', port 'Counter[2]' is not connected to any nets. (LINT-28)
Warning: In design 'Serializer', port 'Counter[1]' is not connected to any nets. (LINT-28)
Warning: In design 'Serializer', port 'Counter[0]' is not connected to any nets. (LINT-28)
Warning: In design 'Design_Top', a pin on submodule 'u_Clock_Divider' is connected to logic 1 or logic 0. (LINT-32)
   Pin 'i_clk_en' is connected to logic 1. 
Warning: In design 'RST_Sync', a pin on submodule 'u_Multi_Flop_Synchronizer' is connected to logic 1 or logic 0. (LINT-32)
   Pin 'async' is connected to logic 1. 
1
echo "#############################Grouping #######################################"
#############################Grouping #######################################
group_path -name INREG -from [all_inputs]
1
group_path -name REGOUT -to [all_outputs]
1
group_path -name INOUT -from [all_inputs] -to [all_outputs]
1
echo "######################## Constrains #########################"
######################## Constrains #########################
source ./cons.tcl
################ Clocks Creation ,Transition and Uncertainty  ##########################
################ clock grouping  ##########################
################ Input driving cell and delay  ##########################
Warning: Design rule attributes from the driving cell will be
	set on the port. (UID-401)
################ Onput Delay and Load  ##########################
################ Dont Touch RST ##########################
################ Operating Condations ##########################
Using operating conditions 'scmetro_tsmc_cl013g_rvt_ss_1p08v_125c' found in library 'scmetro_tsmc_cl013g_rvt_ss_1p08v_125c'.
Using operating conditions 'scmetro_tsmc_cl013g_rvt_ff_1p32v_m40c' found in library 'scmetro_tsmc_cl013g_rvt_ff_1p32v_m40c'.
################ Wire Model ##########################
1
echo "######################## DFT Configurations #########################"
######################## DFT Configurations #########################
set_scan_configuration -clock_mixing no_mix -style multiplexed_flip_flop -replace true -max_length 100
Accepted scan configuration for modes: all_dft
1
echo "######################## Compile +Scan #########################"
######################## Compile +Scan #########################
compile -scan
Information: Choosing a test methodology will restrict the optimization of sequential cells. (UIO-12)
Information: Evaluating DesignWare library utilization. (UISN-27)

============================================================================
| DesignWare Building Block Library  |         Version         | Available |
============================================================================
| Basic DW Building Blocks           | K-2015.06-DWBB_201506.0 |     *     |
| Licensed DW Building Blocks        |                         |           |
============================================================================


Information: There are 31 potential problems in your design. Please run 'check_design' for more information. (LINT-99)


Warning: Operating condition scmetro_tsmc_cl013g_rvt_ss_1p08v_125c set on design Design_Top has different process,
voltage and temperatures parameters than the parameters at which target library 
scmetro_tsmc_cl013g_rvt_tt_1p2v_25c is characterized. Delays may be inaccurate as a result. (OPT-998)

  Beginning Pass 1 Mapping
  ------------------------
  Processing 'Multi_Flop_Synchronizer_NUM_STAGES2_0'
  Processing 'RST_Sync_0'
  Processing 'Clock_Divider'
  Processing 'Pulse_Gen_0'
  Processing 'Multi_Flop_Synchronizer_Multi_bits_NUM_STAGES2_BUS_WIDTH1_0'
  Processing 'Data_Sync_0'
  Processing 'Multi_Flop_Synchronizer'
  Processing 'Mux_4'
  Processing 'Parity_Unit'
  Processing 'FSM'
  Processing 'Serializer'
  Processing 'Counter'
  Processing 'Serializer_Top'
  Processing 'UART_TX_Top'
  Processing 'Deserializer'
  Processing 'Data_Sampling'
  Processing 'Edge_Bit_Counter'
  Processing 'Bits_Counter'
  Processing 'Counter_Unit'
  Processing 'Error_Unit'
  Processing 'RX_FSM'
  Processing 'RX'
  Processing 'UART'
  Processing 'REG_File_00000008_00000010_00000004_00000000_00000000_0000001c_00000008'
  Processing 'Clock_Gating'
  Processing 'ALU_00000008_00000010_0000000e_00000004'
  Processing 'Tx_Controler_00000008_00000010'
  Processing 'RX_Controler_00000008_00000010_00000004_0000000e_00000004'
  Processing 'MUX2_0'
  Processing 'MUX2_1'
  Processing 'Design_Top'

  Updating timing information
Information: Updating design information... (UID-85)

  Beginning Implementation Selection
  ----------------------------------
  Processing 'Edge_Bit_Counter_DW01_cmp6_0'
  Processing 'Edge_Bit_Counter_DW01_dec_0'
  Processing 'Edge_Bit_Counter_DW01_inc_0'
  Processing 'RX_FSM_DW01_cmp2_0'
  Processing 'RX_FSM_DW01_cmp2_1'
  Processing 'ALU_00000008_00000010_0000000e_00000004_DW_div_uns_0'
  Processing 'ALU_00000008_00000010_0000000e_00000004_DW01_sub_0'
  Processing 'ALU_00000008_00000010_0000000e_00000004_DW01_add_0'
  Processing 'ALU_00000008_00000010_0000000e_00000004_DW01_cmp6_0'
  Processing 'ALU_00000008_00000010_0000000e_00000004_DW02_mult_0'
  Processing 'ALU_00000008_00000010_0000000e_00000004_DW01_add_1'

  Beginning Mapping Optimizations  (Medium effort)
  -------------------------------
  Mapping Optimization (Phase 1)

                                  TOTAL                                      
   ELAPSED            WORST NEG   SETUP    DESIGN                            
    TIME      AREA      SLACK     COST    RULE COST         ENDPOINT         
  --------- --------- --------- --------- --------- -------------------------
    0:00:04   33594.8      0.00       0.0       3.5                          
    0:00:04   33594.8      0.00       0.0       3.5                          
    0:00:04   33594.8      0.00       0.0       3.5                          
    0:00:04   33594.8      0.00       0.0       3.5                          
    0:00:04   33594.8      0.00       0.0       3.5                          
    0:00:05   18282.4      0.00       0.0       1.1                          
    0:00:05   18241.2      0.00       0.0       1.1                          
    0:00:05   18241.2      0.00       0.0       1.1                          
    0:00:05   18241.2      0.00       0.0       1.1                          
    0:00:05   18241.2      0.00       0.0       1.1                          
    0:00:05   18241.2      0.00       0.0       1.1                          
    0:00:05   18195.3      0.00       0.0       0.1                          
    0:00:05   18195.3      0.00       0.0       0.1                          
    0:00:05   18195.3      0.00       0.0       0.1                          
    0:00:05   18195.3      0.00       0.0       0.1                          



  Beginning Delay Optimization Phase
  ----------------------------------

                                  TOTAL                                      
   ELAPSED            WORST NEG   SETUP    DESIGN                            
    TIME      AREA      SLACK     COST    RULE COST         ENDPOINT         
  --------- --------- --------- --------- --------- -------------------------
    0:00:05   18195.3      0.00       0.0       0.1                          
    0:00:05   18195.3      0.00       0.0       0.1                          
    0:00:06   17625.8      0.00       0.0       0.7                          


  Beginning Design Rule Fixing  (max_transition)  (max_capacitance)
  ----------------------------

                                  TOTAL                                      
   ELAPSED            WORST NEG   SETUP    DESIGN                            
    TIME      AREA      SLACK     COST    RULE COST         ENDPOINT         
  --------- --------- --------- --------- --------- -------------------------
    0:00:06   17625.8      0.00       0.0       0.7                          


  Beginning Area-Recovery Phase  (cleanup)
  -----------------------------

                                  TOTAL                                      
   ELAPSED            WORST NEG   SETUP    DESIGN                            
    TIME      AREA      SLACK     COST    RULE COST         ENDPOINT         
  --------- --------- --------- --------- --------- -------------------------
    0:00:06   17625.8      0.00       0.0       0.7                          
    0:00:06   17625.8      0.00       0.0       0.7                          
    0:00:06   17568.1      0.00       0.0       0.7                          
    0:00:06   17555.2      0.00       0.0       0.7                          
    0:00:06   17551.7      0.00       0.0       0.7                          
    0:00:06   17548.1      0.00       0.0       0.7                          
    0:00:06   17544.6      0.00       0.0       0.7                          
    0:00:06   17544.6      0.00       0.0       0.7                          
    0:00:06   17544.6      0.00       0.0       0.7                          
    0:00:06   17536.4      0.00       0.0       0.7                          
    0:00:06   17536.4      0.00       0.0       0.7                          
    0:00:06   17536.4      0.00       0.0       0.7                          
    0:00:06   17536.4      0.00       0.0       0.7                          
    0:00:06   17536.4      0.00       0.0       0.7                          
    0:00:06   17536.4      0.00       0.0       0.7                          
    0:00:06   17536.4      0.00       0.0       0.7                          
Loading db file '/mnt/hgfs/Courses/System/System/std_cells/scmetro_tsmc_cl013g_rvt_tt_1p2v_25c.db'
Loading db file '/mnt/hgfs/Courses/System/System/std_cells/scmetro_tsmc_cl013g_rvt_ss_1p08v_125c.db'
Loading db file '/mnt/hgfs/Courses/System/System/std_cells/scmetro_tsmc_cl013g_rvt_ff_1p32v_m40c.db'


Note: Symbol # after min delay cost means estimated hold TNS across all active scenarios 


  Optimization Complete
  ---------------------
1
echo "######################### Setting Test Timing Variables #########################"
######################### Setting Test Timing Variables #########################
set test_default_period 100
100
set test_default_delay 0
0
set test_default_bidir_delay 0
0
set test_default_strobe 20
20
set test_default_strobe_width 0
0
echo "######################## DFT Signal Dec #########################"
######################## DFT Signal Dec #########################
set_dft_signal -port [get_ports scan_clk]  -type ScanClock   -view existing_dft  -timing {30 60}
Accepted dft signal specification for modes: all_dft
1
set_dft_signal -port [get_ports scan_rst]  -type Reset       -view existing_dft  -active_state 0
Accepted dft signal specification for modes: all_dft
1
set_dft_signal -port [get_ports test_mode] -type Constant    -view existing_dft  -active_state 1
Accepted dft signal specification for modes: all_dft
1
set_dft_signal -port [get_ports test_mode] -type TestMode    -view spec          -active_state 1
Accepted dft signal specification for modes: all_dft
1
set_dft_signal -port [get_ports SE]        -type ScanEnable  -view spec          -active_state 1   -usage scan
Accepted dft signal specification for modes: all_dft
1
set_dft_signal -port [get_ports SI]        -type ScanDataIn  -view spec 
Accepted dft signal specification for modes: all_dft
1
set_dft_signal -port [get_ports SO]        -type ScanDataOut -view spec  
Accepted dft signal specification for modes: all_dft
1
echo "######################## Creating test protocol  #########################"
######################## Creating test protocol  #########################
create_test_protocol
In mode: all_dft...

Information: Starting test protocol creation. (TEST-219)
  ...reading user specified clock signals...
Information: Identified system/test clock port scan_clk (30.0,60.0). (TEST-265)
  ...reading user specified asynchronous signals...
Information: Identified active low asynchronous control port scan_rst. (TEST-266)
1
echo "######################## Pre DFT DRC  #########################"
######################## Pre DFT DRC  #########################
dft_drc -verbose
In mode: all_dft...
  Pre-DFT DRC enabled

Information: Starting test design rule checking. (TEST-222)
  Loading test protocol
  ...basic checks...
  ...basic sequential cell checks...
  	...checking for scan equivalents...
  ...checking vector rules...
  ...checking pre-dft rules...

-----------------------------------------------------------------
Begin Other violations...

Warning: Cell u_Clock_Gating/U0 has constant 1 value. (TEST-505)

Other violations completed...
-----------------------------------------------------------------

-----------------------------------------------------------------
  DRC Report

  Total violations: 1

-----------------------------------------------------------------

1 OTHER VIOLATION
     1 Cell is constant 1 violation (TEST-505)


Warning: Violations occurred during test design rule checking. (TEST-124)

-----------------------------------------------------------------
  Sequential Cell Report

  1 out of 231 sequential cells have violations

-----------------------------------------------------------------

SEQUENTIAL CELLS WITH VIOLATIONS
      *   1 cell has constant 1 value
         u_Clock_Gating/U0
SEQUENTIAL CELLS WITHOUT VIOLATIONS
      * 230 cells are valid scan cells
         u_RX_Controler/Saved_Data_reg[3]
         u_RX_Controler/Saved_Data_reg[2]
         u_RX_Controler/Saved_Data_reg[1]
         u_RX_Controler/Saved_Data_reg[0]
         u_RX_Controler/Current_State_reg[2]
         u_RX_Controler/Current_State_reg[1]
         u_RX_Controler/Current_State_reg[0]
         u_Data_Sync/Enable_Pulse_reg
         u_Data_Sync/Sync_Bus_reg[7]
         u_Data_Sync/Sync_Bus_reg[6]
         u_Data_Sync/Sync_Bus_reg[5]
         u_Data_Sync/Sync_Bus_reg[4]
         u_Data_Sync/Sync_Bus_reg[3]
         u_Data_Sync/Sync_Bus_reg[2]
         u_Data_Sync/Sync_Bus_reg[1]
         u_Data_Sync/Sync_Bus_reg[0]
         u_Tx_Controler/Current_State_reg[2]
         u_Tx_Controler/Current_State_reg[1]
         u_Tx_Controler/Current_State_reg[0]
         u_ALU/ALU_Out_reg[7]
         u_ALU/ALU_Out_reg[6]
         u_ALU/ALU_Out_reg[5]
         u_ALU/ALU_Out_reg[4]
         u_ALU/ALU_Out_reg[3]
         u_ALU/ALU_Out_reg[2]
         u_ALU/ALU_Out_reg[1]
         u_ALU/ALU_Out_reg[0]
         u_ALU/ALU_Out_reg[15]
         u_ALU/ALU_Out_reg[14]
         u_ALU/ALU_Out_reg[13]
         u_ALU/ALU_Out_reg[12]
         u_ALU/ALU_Out_reg[11]
         u_ALU/ALU_Out_reg[10]
         u_ALU/ALU_Out_reg[9]
         u_ALU/ALU_Out_reg[8]
         u_ALU/Out_Valid_reg
         u_REG_File/Memory_reg[2][3]
         u_REG_File/Memory_reg[2][4]
         u_REG_File/Memory_reg[2][2]
         u_REG_File/Memory_reg[1][7]
         u_REG_File/Memory_reg[1][5]
         u_REG_File/Memory_reg[1][4]
         u_REG_File/Memory_reg[1][3]
         u_REG_File/Memory_reg[1][2]
         u_REG_File/Memory_reg[1][1]
         u_REG_File/Memory_reg[1][0]
         u_REG_File/Memory_reg[7][7]
         u_REG_File/Memory_reg[7][6]
         u_REG_File/Memory_reg[7][5]
         u_REG_File/Memory_reg[7][4]
         u_REG_File/Memory_reg[7][3]
         u_REG_File/Memory_reg[7][2]
         u_REG_File/Memory_reg[7][1]
         u_REG_File/Memory_reg[7][0]
         u_REG_File/Memory_reg[6][7]
         u_REG_File/Memory_reg[6][6]
         u_REG_File/Memory_reg[6][5]
         u_REG_File/Memory_reg[6][4]
         u_REG_File/Memory_reg[6][3]
         u_REG_File/Memory_reg[6][2]
         u_REG_File/Memory_reg[6][1]
         u_REG_File/Memory_reg[6][0]
         u_REG_File/Memory_reg[5][7]
         u_REG_File/Memory_reg[5][6]
         u_REG_File/Memory_reg[5][5]
         u_REG_File/Memory_reg[5][4]
         u_REG_File/Memory_reg[5][3]
         u_REG_File/Memory_reg[5][2]
         u_REG_File/Memory_reg[5][1]
         u_REG_File/Memory_reg[5][0]
         u_REG_File/Memory_reg[4][7]
         u_REG_File/Memory_reg[4][6]
         u_REG_File/Memory_reg[4][5]
         u_REG_File/Memory_reg[4][4]
         u_REG_File/Memory_reg[4][3]
         u_REG_File/Memory_reg[4][2]
         u_REG_File/Memory_reg[4][1]
         u_REG_File/Memory_reg[4][0]
         u_REG_File/Memory_reg[3][7]
         u_REG_File/Memory_reg[3][6]
         u_REG_File/Memory_reg[3][5]
         u_REG_File/Memory_reg[3][4]
         u_REG_File/Memory_reg[3][2]
         u_REG_File/Memory_reg[3][1]
         u_REG_File/Memory_reg[3][0]
         u_REG_File/Memory_reg[2][7]
         u_REG_File/Memory_reg[2][6]
         u_REG_File/Memory_reg[2][5]
         u_REG_File/Memory_reg[2][1]
         u_REG_File/Memory_reg[2][0]
         u_REG_File/Memory_reg[1][6]
         u_REG_File/Memory_reg[0][7]
         u_REG_File/Memory_reg[0][6]
         u_REG_File/Memory_reg[0][5]
         u_REG_File/Memory_reg[0][4]
         u_REG_File/Memory_reg[0][3]
         u_REG_File/Memory_reg[0][2]
         u_REG_File/Memory_reg[0][1]
         u_REG_File/Memory_reg[0][0]
         u_REG_File/Memory_reg[14][7]
         u_REG_File/Memory_reg[14][6]
         u_REG_File/Memory_reg[14][5]
         u_REG_File/Memory_reg[14][4]
         u_REG_File/Memory_reg[14][3]
         u_REG_File/Memory_reg[14][2]
         u_REG_File/Memory_reg[14][1]
         u_REG_File/Memory_reg[14][0]
         u_REG_File/Memory_reg[13][7]
         u_REG_File/Memory_reg[13][6]
         u_REG_File/Memory_reg[13][5]
         u_REG_File/Memory_reg[13][4]
         u_REG_File/Memory_reg[13][3]
         u_REG_File/Memory_reg[13][2]
         u_REG_File/Memory_reg[13][1]
         u_REG_File/Memory_reg[13][0]
         u_REG_File/Memory_reg[11][7]
         u_REG_File/Memory_reg[11][6]
         u_REG_File/Memory_reg[11][5]
         u_REG_File/Memory_reg[11][4]
         u_REG_File/Memory_reg[11][3]
         u_REG_File/Memory_reg[11][2]
         u_REG_File/Memory_reg[11][1]
         u_REG_File/Memory_reg[11][0]
         u_REG_File/Memory_reg[9][7]
         u_REG_File/Memory_reg[9][6]
         u_REG_File/Memory_reg[9][5]
         u_REG_File/Memory_reg[9][4]
         u_REG_File/Memory_reg[9][3]
         u_REG_File/Memory_reg[9][2]
         u_REG_File/Memory_reg[9][1]
         u_REG_File/Memory_reg[9][0]
         u_REG_File/Memory_reg[12][7]
         u_REG_File/Memory_reg[12][6]
         u_REG_File/Memory_reg[12][5]
         u_REG_File/Memory_reg[12][4]
         u_REG_File/Memory_reg[12][3]
         u_REG_File/Memory_reg[12][2]
         u_REG_File/Memory_reg[12][1]
         u_REG_File/Memory_reg[12][0]
         u_REG_File/Memory_reg[10][7]
         u_REG_File/Memory_reg[10][6]
         u_REG_File/Memory_reg[10][5]
         u_REG_File/Memory_reg[10][4]
         u_REG_File/Memory_reg[10][3]
         u_REG_File/Memory_reg[10][2]
         u_REG_File/Memory_reg[10][1]
         u_REG_File/Memory_reg[10][0]
         u_REG_File/Memory_reg[8][7]
         u_REG_File/Memory_reg[8][6]
         u_REG_File/Memory_reg[8][5]
         u_REG_File/Memory_reg[8][4]
         u_REG_File/Memory_reg[8][3]
         u_REG_File/Memory_reg[8][2]
         u_REG_File/Memory_reg[8][1]
         u_REG_File/Memory_reg[8][0]
         u_REG_File/Memory_reg[15][7]
         u_REG_File/Memory_reg[15][6]
         u_REG_File/Memory_reg[15][5]
         u_REG_File/Memory_reg[15][4]
         u_REG_File/Memory_reg[15][3]
         u_REG_File/Memory_reg[15][2]
         u_REG_File/Memory_reg[15][1]
         u_REG_File/Memory_reg[15][0]
         u_REG_File/Memory_reg[3][3]
         u_Busy_Syn/sync_reg
         u_Busy_Syn/Q_reg[0]
         u_Clock_Divider/div_clk_reg
         u_Clock_Divider/couter_reg[0]
         u_Clock_Divider/couter_reg[1]
         u_Clock_Divider/couter_reg[2]
         u_Clock_Divider/odd_edge_tog_reg
         u_Clock_Divider/couter_reg[3]
         u_Data_Sync/u_Pulse_Gen/Q_reg
         u_REF_CLK_RST_SYN/u_Multi_Flop_Synchronizer/Q_reg[0]
         u_REF_CLK_RST_SYN/u_Multi_Flop_Synchronizer/sync_reg
         u_UART/u_RX1/u_RX_FSM/Error_REG_reg
         u_UART/u_RX1/u_RX_FSM/CurrentState_reg[0]
         u_UART/u_RX1/u_RX_FSM/CurrentState_reg[2]
         u_UART/u_RX1/u_RX_FSM/CurrentState_reg[1]
         u_UART/u_RX1/u_RX_FSM/data_valid_reg
         u_UART/u_RX1/u_Data_Sampling/bits_reg[2]
         u_UART/u_RX1/u_Data_Sampling/bits_reg[1]
         u_UART/u_RX1/u_Data_Sampling/bits_reg[0]
         u_UART/u_RX1/u_Deserializer/Data_reg[3]
         u_UART/u_RX1/u_Deserializer/Data_reg[2]
         u_UART/u_RX1/u_Deserializer/Data_reg[0]
         u_UART/u_RX1/u_Deserializer/Data_reg[6]
         u_UART/u_RX1/u_Deserializer/Data_reg[5]
         u_UART/u_RX1/u_Deserializer/Data_reg[1]
         u_UART/u_RX1/u_Deserializer/Data_reg[4]
         u_UART/u_RX1/u_Deserializer/Data_reg[7]
         u_UART/u_UART_TX_Top1/u_FSM/Current_State_reg[0]
         u_UART/u_UART_TX_Top1/u_FSM/Current_State_reg[1]
         u_UART/u_UART_TX_Top1/u_Parity_Unit/Par_Bit_reg
         u_UART/u_RX1/u_Counter_Unit/u_Bits_Counter/bits_counter_reg[2]
         u_UART/u_RX1/u_Counter_Unit/u_Bits_Counter/bits_counter_reg[1]
         u_UART/u_RX1/u_Counter_Unit/u_Bits_Counter/bits_counter_reg[0]
         u_UART/u_RX1/u_Counter_Unit/u_Edge_Bit_Counter/finish_reg
         u_UART/u_RX1/u_Counter_Unit/u_Edge_Bit_Counter/edge_cnt_reg[4]
         u_UART/u_RX1/u_Counter_Unit/u_Edge_Bit_Counter/edge_cnt_reg[0]
         u_UART/u_RX1/u_Counter_Unit/u_Edge_Bit_Counter/edge_cnt_reg[2]
         u_UART/u_RX1/u_Counter_Unit/u_Edge_Bit_Counter/edge_cnt_reg[3]
         u_UART/u_RX1/u_Counter_Unit/u_Edge_Bit_Counter/edge_cnt_reg[1]
         u_UART/u_UART_TX_Top1/u_Serializer_Top/u_Counter/Counter_reg[2]
         u_UART/u_UART_TX_Top1/u_Serializer_Top/u_Counter/Counter_reg[1]
         u_UART/u_UART_TX_Top1/u_Serializer_Top/u_Counter/Counter_reg[0]
         u_UART/u_UART_TX_Top1/u_Serializer_Top/u_Serializer/Data_reg[6]
         u_UART/u_UART_TX_Top1/u_Serializer_Top/u_Serializer/Data_reg[5]
         u_UART/u_UART_TX_Top1/u_Serializer_Top/u_Serializer/Data_reg[4]
         u_UART/u_UART_TX_Top1/u_Serializer_Top/u_Serializer/Data_reg[3]
         u_UART/u_UART_TX_Top1/u_Serializer_Top/u_Serializer/Data_reg[2]
         u_UART/u_UART_TX_Top1/u_Serializer_Top/u_Serializer/Data_reg[1]
         u_UART/u_UART_TX_Top1/u_Serializer_Top/u_Serializer/Data_reg[7]
         u_UART/u_UART_TX_Top1/u_Serializer_Top/u_Serializer/Data_reg[0]
         u_Tx_Data_Syn/Sync_Bus_reg[1]
         u_Tx_Data_Syn/Sync_Bus_reg[0]
         u_Tx_Data_Syn/Sync_Bus_reg[3]
         u_Tx_Data_Syn/Sync_Bus_reg[2]
         u_Tx_Data_Syn/Enable_Pulse_reg
         u_Tx_Data_Syn/Sync_Bus_reg[5]
         u_Tx_Data_Syn/Sync_Bus_reg[4]
         u_Tx_Data_Syn/Sync_Bus_reg[7]
         u_Tx_Data_Syn/Sync_Bus_reg[6]
         u_Tx_Data_Syn/u_Pulse_Gen/Q_reg
         u_Tx_Data_Syn/u_Multi_Flop_Synchronizer_Multi_bits/genblk1[0].u0/Q_reg[0]
         u_Tx_Data_Syn/u_Multi_Flop_Synchronizer_Multi_bits/genblk1[0].u0/sync_reg
         u_Data_Sync/u_Multi_Flop_Synchronizer_Multi_bits/genblk1[0].u0/sync_reg
         u_Data_Sync/u_Multi_Flop_Synchronizer_Multi_bits/genblk1[0].u0/Q_reg[0]
         u_RST_Sync/u_Multi_Flop_Synchronizer/sync_reg
         u_RST_Sync/u_Multi_Flop_Synchronizer/Q_reg[0]

Information: Test design rule checking completed. (TEST-123)
1
echo "######################## Preview DFT   #########################"
######################## Preview DFT   #########################
preview_dft -show scan_summary
  Information: Using test design rule information from previous dft_drc run.
  Architecting Scan Chains

****************************************
Preview_dft report
For    : 'Insert_dft' command
Design : Design_Top
Version: K-2015.06
Date   : Fri Aug 26 03:56:19 2022
****************************************

Number of chains: 3
Scan methodology: full_scan
Scan style: multiplexed_flip_flop
Clock domain: no_mix

Chain      Scan Ports (si --> so)        # of Cells   Inst/Chain               Clock (port, time, edge)
-----      ----------------------        ----------   ----------               ------------------------
S 1        SI[2] -->  SO[2]                      77   u_ALU/ALU_Out_reg[0]     (scan_clk, 30.0, rising) 
S 2        SI[1] -->  SO[1]                      77   u_REG_File/Memory_reg[4][6]
                            (scan_clk, 30.0, rising) 
S 3        SI[0] -->  SO[0]                      76   u_REG_File/Memory_reg[14][3]
                            (scan_clk, 30.0, rising) 
1
echo "######################## Inser DFT  #########################"
######################## Inser DFT  #########################
insert_dft
Loading db file '/mnt/hgfs/Courses/System/System/std_cells/scmetro_tsmc_cl013g_rvt_tt_1p2v_25c.db'
Loading db file '/mnt/hgfs/Courses/System/System/std_cells/scmetro_tsmc_cl013g_rvt_ss_1p08v_125c.db'
Loading db file '/mnt/hgfs/Courses/System/System/std_cells/scmetro_tsmc_cl013g_rvt_ff_1p32v_m40c.db'
  Information: Using test design rule information from previous dft_drc run.
  Architecting Scan Chains
  Routing Scan Chains
  Routing Global Signals
  Mapping New Logic
Resetting current test mode
  Beginning Mapping Optimizations
  -------------------------------

                                  TOTAL                                      
   ELAPSED            WORST NEG   SETUP    DESIGN                            
    TIME      AREA      SLACK     COST    RULE COST         ENDPOINT         
  --------- --------- --------- --------- --------- -------------------------


  Beginning Phase 1 Design Rule Fixing  (max_transition)  (max_capacitance)
  ------------------------------------

                                  TOTAL                                      
   ELAPSED            WORST NEG   SETUP    DESIGN                            
    TIME      AREA      SLACK     COST    RULE COST         ENDPOINT         
  --------- --------- --------- --------- --------- -------------------------


  Beginning Phase 2 Design Rule Fixing  (max_transition)  (max_capacitance)
  ------------------------------------

                                  TOTAL                                      
   ELAPSED            WORST NEG   SETUP    DESIGN                            
    TIME      AREA      SLACK     COST    RULE COST         ENDPOINT         
  --------- --------- --------- --------- --------- -------------------------

1
echo "######################## Compile + increment #########################"
######################## Compile + increment #########################
compile -scan -incremental
Information: Choosing a test methodology will restrict the optimization of sequential cells. (UIO-12)

Information: There are 66 potential problems in your design. Please run 'check_design' for more information. (LINT-99)


Warning: Operating condition scmetro_tsmc_cl013g_rvt_ss_1p08v_125c set on design Design_Top has different process,
voltage and temperatures parameters than the parameters at which target library 
scmetro_tsmc_cl013g_rvt_tt_1p2v_25c is characterized. Delays may be inaccurate as a result. (OPT-998)

  Beginning Pass 1 Mapping  (Incremental)
  ------------------------

  Updating timing information
Information: Updating design information... (UID-85)

  Beginning Mapping Optimizations  (Medium effort)  (Incremental)
  -------------------------------

  Beginning Incremental Implementation Selection
  ----------------------------------------------
  Selecting implementations

  Beginning Delay Optimization Phase
  ----------------------------------

                                  TOTAL                                      
   ELAPSED            WORST NEG   SETUP    DESIGN                            
    TIME      AREA      SLACK     COST    RULE COST         ENDPOINT         
  --------- --------- --------- --------- --------- -------------------------
    0:00:02   17536.4      0.00       0.0       0.7                          
    0:00:02   17536.4      0.00       0.0       0.7                          
    0:00:03   17534.0      0.00       0.0       0.7                          


  Beginning Design Rule Fixing  (max_transition)  (max_capacitance)
  ----------------------------

                                  TOTAL                                      
   ELAPSED            WORST NEG   SETUP    DESIGN                            
    TIME      AREA      SLACK     COST    RULE COST         ENDPOINT         
  --------- --------- --------- --------- --------- -------------------------
    0:00:03   17534.0      0.00       0.0       0.7                          
    0:00:03   17534.0      0.00       0.0       0.7                          
Loading db file '/mnt/hgfs/Courses/System/System/std_cells/scmetro_tsmc_cl013g_rvt_tt_1p2v_25c.db'
Loading db file '/mnt/hgfs/Courses/System/System/std_cells/scmetro_tsmc_cl013g_rvt_ss_1p08v_125c.db'
Loading db file '/mnt/hgfs/Courses/System/System/std_cells/scmetro_tsmc_cl013g_rvt_ff_1p32v_m40c.db'


Note: Symbol # after min delay cost means estimated hold TNS across all active scenarios 


  Optimization Complete
  ---------------------
1
echo "######################## DFT DRC and coverage estimate #########################"
######################## DFT DRC and coverage estimate #########################
dft_drc -verbose -coverage_estimate
In mode: Internal_scan...
  Design has scan chains in this mode
  Design is scan routed
  Post-DFT DRC enabled

Information: Starting test design rule checking. (TEST-222)
  Loading test protocol
  ...basic checks...
  ...basic sequential cell checks...
  ...checking vector rules...
  ...checking clock rules...
  ...checking scan chain rules...
  ...checking scan compression rules...
  ...checking X-state rules...
  ...checking tristate rules...
  ...extracting scan details...

-----------------------------------------------------------------
Begin Other violations...

Warning: Cell u_Clock_Gating/U0 has constant 1 value. (TEST-505)

Other violations completed...
-----------------------------------------------------------------

-----------------------------------------------------------------
  DRC Report

  Total violations: 1

-----------------------------------------------------------------

1 OTHER VIOLATION
     1 Cell is constant 1 violation (TEST-505)


Warning: Violations occurred during test design rule checking. (TEST-124)

-----------------------------------------------------------------
  Sequential Cell Report

  1 out of 231 sequential cells have violations

-----------------------------------------------------------------

SEQUENTIAL CELLS WITH VIOLATIONS
      *   1 cell has constant 1 value
         u_Clock_Gating/U0
SEQUENTIAL CELLS WITHOUT VIOLATIONS
      * 230 cells are valid scan cells
         u_RX_Controler/Saved_Data_reg[3]
         u_RX_Controler/Saved_Data_reg[2]
         u_RX_Controler/Saved_Data_reg[1]
         u_RX_Controler/Saved_Data_reg[0]
         u_RX_Controler/Current_State_reg[2]
         u_RX_Controler/Current_State_reg[1]
         u_RX_Controler/Current_State_reg[0]
         u_Data_Sync/Enable_Pulse_reg
         u_Data_Sync/Sync_Bus_reg[7]
         u_Data_Sync/Sync_Bus_reg[6]
         u_Data_Sync/Sync_Bus_reg[5]
         u_Data_Sync/Sync_Bus_reg[4]
         u_Data_Sync/Sync_Bus_reg[3]
         u_Data_Sync/Sync_Bus_reg[2]
         u_Data_Sync/Sync_Bus_reg[1]
         u_Data_Sync/Sync_Bus_reg[0]
         u_Tx_Controler/Current_State_reg[2]
         u_Tx_Controler/Current_State_reg[1]
         u_Tx_Controler/Current_State_reg[0]
         u_ALU/ALU_Out_reg[7]
         u_ALU/ALU_Out_reg[6]
         u_ALU/ALU_Out_reg[5]
         u_ALU/ALU_Out_reg[4]
         u_ALU/ALU_Out_reg[3]
         u_ALU/ALU_Out_reg[2]
         u_ALU/ALU_Out_reg[1]
         u_ALU/ALU_Out_reg[0]
         u_ALU/ALU_Out_reg[15]
         u_ALU/ALU_Out_reg[14]
         u_ALU/ALU_Out_reg[13]
         u_ALU/ALU_Out_reg[12]
         u_ALU/ALU_Out_reg[11]
         u_ALU/ALU_Out_reg[10]
         u_ALU/ALU_Out_reg[9]
         u_ALU/ALU_Out_reg[8]
         u_ALU/Out_Valid_reg
         u_REG_File/Memory_reg[2][3]
         u_REG_File/Memory_reg[2][4]
         u_REG_File/Memory_reg[2][2]
         u_REG_File/Memory_reg[1][7]
         u_REG_File/Memory_reg[1][5]
         u_REG_File/Memory_reg[1][4]
         u_REG_File/Memory_reg[1][3]
         u_REG_File/Memory_reg[1][2]
         u_REG_File/Memory_reg[1][1]
         u_REG_File/Memory_reg[1][0]
         u_REG_File/Memory_reg[7][7]
         u_REG_File/Memory_reg[7][6]
         u_REG_File/Memory_reg[7][5]
         u_REG_File/Memory_reg[7][4]
         u_REG_File/Memory_reg[7][3]
         u_REG_File/Memory_reg[7][2]
         u_REG_File/Memory_reg[7][1]
         u_REG_File/Memory_reg[7][0]
         u_REG_File/Memory_reg[6][7]
         u_REG_File/Memory_reg[6][6]
         u_REG_File/Memory_reg[6][5]
         u_REG_File/Memory_reg[6][4]
         u_REG_File/Memory_reg[6][3]
         u_REG_File/Memory_reg[6][2]
         u_REG_File/Memory_reg[6][1]
         u_REG_File/Memory_reg[6][0]
         u_REG_File/Memory_reg[5][7]
         u_REG_File/Memory_reg[5][6]
         u_REG_File/Memory_reg[5][5]
         u_REG_File/Memory_reg[5][4]
         u_REG_File/Memory_reg[5][3]
         u_REG_File/Memory_reg[5][2]
         u_REG_File/Memory_reg[5][1]
         u_REG_File/Memory_reg[5][0]
         u_REG_File/Memory_reg[4][7]
         u_REG_File/Memory_reg[4][6]
         u_REG_File/Memory_reg[4][5]
         u_REG_File/Memory_reg[4][4]
         u_REG_File/Memory_reg[4][3]
         u_REG_File/Memory_reg[4][2]
         u_REG_File/Memory_reg[4][1]
         u_REG_File/Memory_reg[4][0]
         u_REG_File/Memory_reg[3][7]
         u_REG_File/Memory_reg[3][6]
         u_REG_File/Memory_reg[3][5]
         u_REG_File/Memory_reg[3][4]
         u_REG_File/Memory_reg[3][2]
         u_REG_File/Memory_reg[3][1]
         u_REG_File/Memory_reg[3][0]
         u_REG_File/Memory_reg[2][7]
         u_REG_File/Memory_reg[2][6]
         u_REG_File/Memory_reg[2][5]
         u_REG_File/Memory_reg[2][1]
         u_REG_File/Memory_reg[2][0]
         u_REG_File/Memory_reg[1][6]
         u_REG_File/Memory_reg[0][7]
         u_REG_File/Memory_reg[0][6]
         u_REG_File/Memory_reg[0][5]
         u_REG_File/Memory_reg[0][4]
         u_REG_File/Memory_reg[0][3]
         u_REG_File/Memory_reg[0][2]
         u_REG_File/Memory_reg[0][1]
         u_REG_File/Memory_reg[0][0]
         u_REG_File/Memory_reg[14][7]
         u_REG_File/Memory_reg[14][6]
         u_REG_File/Memory_reg[14][5]
         u_REG_File/Memory_reg[14][4]
         u_REG_File/Memory_reg[14][3]
         u_REG_File/Memory_reg[14][2]
         u_REG_File/Memory_reg[14][1]
         u_REG_File/Memory_reg[14][0]
         u_REG_File/Memory_reg[13][7]
         u_REG_File/Memory_reg[13][6]
         u_REG_File/Memory_reg[13][5]
         u_REG_File/Memory_reg[13][4]
         u_REG_File/Memory_reg[13][3]
         u_REG_File/Memory_reg[13][2]
         u_REG_File/Memory_reg[13][1]
         u_REG_File/Memory_reg[13][0]
         u_REG_File/Memory_reg[11][7]
         u_REG_File/Memory_reg[11][6]
         u_REG_File/Memory_reg[11][5]
         u_REG_File/Memory_reg[11][4]
         u_REG_File/Memory_reg[11][3]
         u_REG_File/Memory_reg[11][2]
         u_REG_File/Memory_reg[11][1]
         u_REG_File/Memory_reg[11][0]
         u_REG_File/Memory_reg[9][7]
         u_REG_File/Memory_reg[9][6]
         u_REG_File/Memory_reg[9][5]
         u_REG_File/Memory_reg[9][4]
         u_REG_File/Memory_reg[9][3]
         u_REG_File/Memory_reg[9][2]
         u_REG_File/Memory_reg[9][1]
         u_REG_File/Memory_reg[9][0]
         u_REG_File/Memory_reg[12][7]
         u_REG_File/Memory_reg[12][6]
         u_REG_File/Memory_reg[12][5]
         u_REG_File/Memory_reg[12][4]
         u_REG_File/Memory_reg[12][3]
         u_REG_File/Memory_reg[12][2]
         u_REG_File/Memory_reg[12][1]
         u_REG_File/Memory_reg[12][0]
         u_REG_File/Memory_reg[10][7]
         u_REG_File/Memory_reg[10][6]
         u_REG_File/Memory_reg[10][5]
         u_REG_File/Memory_reg[10][4]
         u_REG_File/Memory_reg[10][3]
         u_REG_File/Memory_reg[10][2]
         u_REG_File/Memory_reg[10][1]
         u_REG_File/Memory_reg[10][0]
         u_REG_File/Memory_reg[8][7]
         u_REG_File/Memory_reg[8][6]
         u_REG_File/Memory_reg[8][5]
         u_REG_File/Memory_reg[8][4]
         u_REG_File/Memory_reg[8][3]
         u_REG_File/Memory_reg[8][2]
         u_REG_File/Memory_reg[8][1]
         u_REG_File/Memory_reg[8][0]
         u_REG_File/Memory_reg[15][7]
         u_REG_File/Memory_reg[15][6]
         u_REG_File/Memory_reg[15][5]
         u_REG_File/Memory_reg[15][4]
         u_REG_File/Memory_reg[15][3]
         u_REG_File/Memory_reg[15][2]
         u_REG_File/Memory_reg[15][1]
         u_REG_File/Memory_reg[15][0]
         u_REG_File/Memory_reg[3][3]
         u_Busy_Syn/sync_reg
         u_Busy_Syn/Q_reg[0]
         u_Tx_Data_Syn/Sync_Bus_reg[1]
         u_Tx_Data_Syn/Sync_Bus_reg[0]
         u_Tx_Data_Syn/Sync_Bus_reg[3]
         u_Tx_Data_Syn/Sync_Bus_reg[2]
         u_Tx_Data_Syn/Enable_Pulse_reg
         u_Tx_Data_Syn/Sync_Bus_reg[5]
         u_Tx_Data_Syn/Sync_Bus_reg[4]
         u_Tx_Data_Syn/Sync_Bus_reg[7]
         u_Tx_Data_Syn/Sync_Bus_reg[6]
         u_Clock_Divider/div_clk_reg
         u_Clock_Divider/couter_reg[0]
         u_Clock_Divider/couter_reg[1]
         u_Clock_Divider/couter_reg[2]
         u_Clock_Divider/couter_reg[3]
         u_Clock_Divider/odd_edge_tog_reg
         u_Data_Sync/u_Pulse_Gen/Q_reg
         u_Tx_Data_Syn/u_Pulse_Gen/Q_reg
         u_REF_CLK_RST_SYN/u_Multi_Flop_Synchronizer/Q_reg[0]
         u_REF_CLK_RST_SYN/u_Multi_Flop_Synchronizer/sync_reg
         u_RST_Sync/u_Multi_Flop_Synchronizer/sync_reg
         u_RST_Sync/u_Multi_Flop_Synchronizer/Q_reg[0]
         u_Data_Sync/u_Multi_Flop_Synchronizer_Multi_bits/genblk1[0].u0/sync_reg
         u_Data_Sync/u_Multi_Flop_Synchronizer_Multi_bits/genblk1[0].u0/Q_reg[0]
         u_UART/u_RX1/u_RX_FSM/Error_REG_reg
         u_UART/u_RX1/u_RX_FSM/CurrentState_reg[0]
         u_UART/u_RX1/u_RX_FSM/CurrentState_reg[2]
         u_UART/u_RX1/u_RX_FSM/CurrentState_reg[1]
         u_UART/u_RX1/u_RX_FSM/data_valid_reg
         u_UART/u_RX1/u_Data_Sampling/bits_reg[2]
         u_UART/u_RX1/u_Data_Sampling/bits_reg[1]
         u_UART/u_RX1/u_Data_Sampling/bits_reg[0]
         u_UART/u_RX1/u_Deserializer/Data_reg[3]
         u_UART/u_RX1/u_Deserializer/Data_reg[2]
         u_UART/u_RX1/u_Deserializer/Data_reg[0]
         u_UART/u_RX1/u_Deserializer/Data_reg[6]
         u_UART/u_RX1/u_Deserializer/Data_reg[5]
         u_UART/u_RX1/u_Deserializer/Data_reg[1]
         u_UART/u_RX1/u_Deserializer/Data_reg[4]
         u_UART/u_RX1/u_Deserializer/Data_reg[7]
         u_UART/u_UART_TX_Top1/u_FSM/Current_State_reg[0]
         u_UART/u_UART_TX_Top1/u_FSM/Current_State_reg[1]
         u_UART/u_UART_TX_Top1/u_Parity_Unit/Par_Bit_reg
         u_Tx_Data_Syn/u_Multi_Flop_Synchronizer_Multi_bits/genblk1[0].u0/Q_reg[0]
         u_Tx_Data_Syn/u_Multi_Flop_Synchronizer_Multi_bits/genblk1[0].u0/sync_reg
         u_UART/u_RX1/u_Counter_Unit/u_Bits_Counter/bits_counter_reg[2]
         u_UART/u_RX1/u_Counter_Unit/u_Bits_Counter/bits_counter_reg[1]
         u_UART/u_RX1/u_Counter_Unit/u_Bits_Counter/bits_counter_reg[0]
         u_UART/u_RX1/u_Counter_Unit/u_Edge_Bit_Counter/finish_reg
         u_UART/u_RX1/u_Counter_Unit/u_Edge_Bit_Counter/edge_cnt_reg[4]
         u_UART/u_RX1/u_Counter_Unit/u_Edge_Bit_Counter/edge_cnt_reg[0]
         u_UART/u_RX1/u_Counter_Unit/u_Edge_Bit_Counter/edge_cnt_reg[2]
         u_UART/u_RX1/u_Counter_Unit/u_Edge_Bit_Counter/edge_cnt_reg[3]
         u_UART/u_RX1/u_Counter_Unit/u_Edge_Bit_Counter/edge_cnt_reg[1]
         u_UART/u_UART_TX_Top1/u_Serializer_Top/u_Counter/Counter_reg[2]
         u_UART/u_UART_TX_Top1/u_Serializer_Top/u_Counter/Counter_reg[1]
         u_UART/u_UART_TX_Top1/u_Serializer_Top/u_Counter/Counter_reg[0]
         u_UART/u_UART_TX_Top1/u_Serializer_Top/u_Serializer/Data_reg[6]
         u_UART/u_UART_TX_Top1/u_Serializer_Top/u_Serializer/Data_reg[5]
         u_UART/u_UART_TX_Top1/u_Serializer_Top/u_Serializer/Data_reg[4]
         u_UART/u_UART_TX_Top1/u_Serializer_Top/u_Serializer/Data_reg[3]
         u_UART/u_UART_TX_Top1/u_Serializer_Top/u_Serializer/Data_reg[2]
         u_UART/u_UART_TX_Top1/u_Serializer_Top/u_Serializer/Data_reg[1]
         u_UART/u_UART_TX_Top1/u_Serializer_Top/u_Serializer/Data_reg[7]
         u_UART/u_UART_TX_Top1/u_Serializer_Top/u_Serializer/Data_reg[0]

....Inferring feed-through connections....
Information: Test design rule checking completed. (TEST-123)
  Running test coverage estimation...
 10754 faults were added to fault list.
 ATPG performed for stuck fault model using internal pattern source.
 ----------------------------------------------------------
 #patterns     #faults     #ATPG faults  test      process
 stored     detect/active  red/au/abort  coverage  CPU time
 ---------  -------------  ------------  --------  --------
 Begin deterministic ATPG: #uncollapsed_faults=8767, abort_limit=10...
 0            5576   3191         0/0/0    69.79%      0.00
 0            1152   2039         0/0/0    80.52%      0.01
 0             572   1467         0/0/0    85.85%      0.01
 0             387   1077         2/0/0    89.48%      0.01
 0             333    744         2/0/0    92.58%      0.01
 0             209    532         4/0/0    94.56%      0.02
 0             132    398         6/0/1    95.81%      0.02
 0             120    277         7/0/1    96.93%      0.02
 0              76    200         8/0/3    97.65%      0.02
 0              56    143         9/0/5    98.18%      0.02
 0              67     70        15/0/5    98.86%      0.02
 0              47     10        26/0/6    99.42%      0.03
 0               1      9        26/0/6    99.43%      0.03
 
            Pattern Summary Report
 -----------------------------------------------
 #internal patterns                           0
 -----------------------------------------------
 

     Uncollapsed Stuck Fault Summary Report
 -----------------------------------------------
 fault class                     code   #faults
 ------------------------------  ----  ---------
 Detected                         DT      10645
 Possibly detected                PT          0
 Undetectable                     UD         48
 ATPG untestable                  AU         52
 Not detected                     ND          9
 -----------------------------------------------
 total faults                             10754
 test coverage                            99.43%
 -----------------------------------------------
  Information: The test coverage above may be inferior
               than the real test coverage with customized
               protocol and test simulation library.
1
write_file -format verilog -hierarchy -output netlists/Design_Top_Netlist.v
Writing verilog file '/mnt/hgfs/Courses/System/System/dft/netlists/Design_Top_Netlist.v'.
Warning: Verilog 'assign' or 'tran' statements are written out. (VO-4)
1
write_file -format verilog -hierarchy -output netlists/Design_Top_Netlist.ddc
Writing verilog file '/mnt/hgfs/Courses/System/System/dft/netlists/Design_Top_Netlist.ddc'.
Warning: Verilog 'assign' or 'tran' statements are written out. (VO-4)
1
write_sdf  sdf/Design_Top.sdf
Information: Annotated 'cell' delays are assumed to include load delay. (UID-282)
Information: Writing timing information to file '/mnt/hgfs/Courses/System/System/dft/sdf/Design_Top.sdf'. (WT-3)
Information: Updating design information... (UID-85)
1
write_sdc  -nosplit sdc/Design_Top.sdc
1
set_svf -off
1
report_area -hierarchy > reports/area.rpt
report_power  -verbose > reports/power.rpt
report_timing -max_paths 10 -delay_type min > reports/hold.rpt
report_timing -max_paths 10 -delay_type max > reports/setup.rpt
report_clock -attributes > reports/clocks.rpt
report_constraint -all_violators > reports/constraints.rpt
dc_shell> 