**************************************************
Report         : passing_points

Reference      : Ref:/WORK/Design_Top
Implementation : Imp:/WORK/Design_Top
Version        : L-2016.03-SP1
Date           : Thu Aug 25 19:52:29 2022
**************************************************

232 Passing compare points:

  Ref  LAT        Ref:/WORK/Design_Top/u_Clock_Gating/U0
  Impl LAT        Imp:/WORK/Design_Top/u_Clock_Gating/U0

  Ref  DFF        Ref:/WORK/Design_Top/u_ALU/ALU_Out_reg[0]
  Impl DFF        Imp:/WORK/Design_Top/u_ALU/ALU_Out_reg[0]

  Ref  DFF        Ref:/WORK/Design_Top/u_ALU/ALU_Out_reg[10]
  Impl DFF        Imp:/WORK/Design_Top/u_ALU/ALU_Out_reg[10]

  Ref  DFF        Ref:/WORK/Design_Top/u_ALU/ALU_Out_reg[11]
  Impl DFF        Imp:/WORK/Design_Top/u_ALU/ALU_Out_reg[11]

  Ref  DFF        Ref:/WORK/Design_Top/u_ALU/ALU_Out_reg[12]
  Impl DFF        Imp:/WORK/Design_Top/u_ALU/ALU_Out_reg[12]

  Ref  DFF        Ref:/WORK/Design_Top/u_ALU/ALU_Out_reg[13]
  Impl DFF        Imp:/WORK/Design_Top/u_ALU/ALU_Out_reg[13]

  Ref  DFF        Ref:/WORK/Design_Top/u_ALU/ALU_Out_reg[14]
  Impl DFF        Imp:/WORK/Design_Top/u_ALU/ALU_Out_reg[14]

  Ref  DFF        Ref:/WORK/Design_Top/u_ALU/ALU_Out_reg[15]
  Impl DFF        Imp:/WORK/Design_Top/u_ALU/ALU_Out_reg[15]

  Ref  DFF        Ref:/WORK/Design_Top/u_ALU/ALU_Out_reg[1]
  Impl DFF        Imp:/WORK/Design_Top/u_ALU/ALU_Out_reg[1]

  Ref  DFF        Ref:/WORK/Design_Top/u_ALU/ALU_Out_reg[2]
  Impl DFF        Imp:/WORK/Design_Top/u_ALU/ALU_Out_reg[2]

  Ref  DFF        Ref:/WORK/Design_Top/u_ALU/ALU_Out_reg[3]
  Impl DFF        Imp:/WORK/Design_Top/u_ALU/ALU_Out_reg[3]

  Ref  DFF        Ref:/WORK/Design_Top/u_ALU/ALU_Out_reg[4]
  Impl DFF        Imp:/WORK/Design_Top/u_ALU/ALU_Out_reg[4]

  Ref  DFF        Ref:/WORK/Design_Top/u_ALU/ALU_Out_reg[5]
  Impl DFF        Imp:/WORK/Design_Top/u_ALU/ALU_Out_reg[5]

  Ref  DFF        Ref:/WORK/Design_Top/u_ALU/ALU_Out_reg[6]
  Impl DFF        Imp:/WORK/Design_Top/u_ALU/ALU_Out_reg[6]

  Ref  DFF        Ref:/WORK/Design_Top/u_ALU/ALU_Out_reg[7]
  Impl DFF        Imp:/WORK/Design_Top/u_ALU/ALU_Out_reg[7]

  Ref  DFF        Ref:/WORK/Design_Top/u_ALU/ALU_Out_reg[8]
  Impl DFF        Imp:/WORK/Design_Top/u_ALU/ALU_Out_reg[8]

  Ref  DFF        Ref:/WORK/Design_Top/u_ALU/ALU_Out_reg[9]
  Impl DFF        Imp:/WORK/Design_Top/u_ALU/ALU_Out_reg[9]

  Ref  DFF        Ref:/WORK/Design_Top/u_ALU/Out_Valid_reg
  Impl DFF        Imp:/WORK/Design_Top/u_ALU/Out_Valid_reg

  Ref  DFF        Ref:/WORK/Design_Top/u_Busy_Syn/Q_reg[0]
  Impl DFF        Imp:/WORK/Design_Top/u_Busy_Syn/Q_reg[0]

  Ref  DFF        Ref:/WORK/Design_Top/u_Busy_Syn/sync_reg
  Impl DFF        Imp:/WORK/Design_Top/u_Busy_Syn/sync_reg

  Ref  DFF        Ref:/WORK/Design_Top/u_Clock_Divider/couter_reg[0]
  Impl DFF        Imp:/WORK/Design_Top/u_Clock_Divider/couter_reg[0]

  Ref  DFF        Ref:/WORK/Design_Top/u_Clock_Divider/couter_reg[1]
  Impl DFF        Imp:/WORK/Design_Top/u_Clock_Divider/couter_reg[1]

  Ref  DFF        Ref:/WORK/Design_Top/u_Clock_Divider/couter_reg[2]
  Impl DFF        Imp:/WORK/Design_Top/u_Clock_Divider/couter_reg[2]

  Ref  DFF        Ref:/WORK/Design_Top/u_Clock_Divider/couter_reg[3]
  Impl DFF        Imp:/WORK/Design_Top/u_Clock_Divider/couter_reg[3]

  Ref  DFF        Ref:/WORK/Design_Top/u_Clock_Divider/div_clk_reg
  Impl DFF        Imp:/WORK/Design_Top/u_Clock_Divider/div_clk_reg

  Ref  DFF        Ref:/WORK/Design_Top/u_Clock_Divider/odd_edge_tog_reg
  Impl DFF        Imp:/WORK/Design_Top/u_Clock_Divider/odd_edge_tog_reg

  Ref  DFF        Ref:/WORK/Design_Top/u_Data_Sync/Enable_Pulse_reg
  Impl DFF        Imp:/WORK/Design_Top/u_Data_Sync/Enable_Pulse_reg

  Ref  DFF        Ref:/WORK/Design_Top/u_Data_Sync/Sync_Bus_reg[0]
  Impl DFF        Imp:/WORK/Design_Top/u_Data_Sync/Sync_Bus_reg[0]

  Ref  DFF        Ref:/WORK/Design_Top/u_Data_Sync/Sync_Bus_reg[1]
  Impl DFF        Imp:/WORK/Design_Top/u_Data_Sync/Sync_Bus_reg[1]

  Ref  DFF        Ref:/WORK/Design_Top/u_Data_Sync/Sync_Bus_reg[2]
  Impl DFF        Imp:/WORK/Design_Top/u_Data_Sync/Sync_Bus_reg[2]

  Ref  DFF        Ref:/WORK/Design_Top/u_Data_Sync/Sync_Bus_reg[3]
  Impl DFF        Imp:/WORK/Design_Top/u_Data_Sync/Sync_Bus_reg[3]

  Ref  DFF        Ref:/WORK/Design_Top/u_Data_Sync/Sync_Bus_reg[4]
  Impl DFF        Imp:/WORK/Design_Top/u_Data_Sync/Sync_Bus_reg[4]

  Ref  DFF        Ref:/WORK/Design_Top/u_Data_Sync/Sync_Bus_reg[5]
  Impl DFF        Imp:/WORK/Design_Top/u_Data_Sync/Sync_Bus_reg[5]

  Ref  DFF        Ref:/WORK/Design_Top/u_Data_Sync/Sync_Bus_reg[6]
  Impl DFF        Imp:/WORK/Design_Top/u_Data_Sync/Sync_Bus_reg[6]

  Ref  DFF        Ref:/WORK/Design_Top/u_Data_Sync/Sync_Bus_reg[7]
  Impl DFF        Imp:/WORK/Design_Top/u_Data_Sync/Sync_Bus_reg[7]

  Ref  DFF        Ref:/WORK/Design_Top/u_Data_Sync/u_Multi_Flop_Synchronizer_Multi_bits/genblk1[0].u0/Q_reg[0]
  Impl DFF        Imp:/WORK/Design_Top/u_Data_Sync/u_Multi_Flop_Synchronizer_Multi_bits/genblk1[0].u0/Q_reg[0]

  Ref  DFF        Ref:/WORK/Design_Top/u_Data_Sync/u_Multi_Flop_Synchronizer_Multi_bits/genblk1[0].u0/sync_reg
  Impl DFF        Imp:/WORK/Design_Top/u_Data_Sync/u_Multi_Flop_Synchronizer_Multi_bits/genblk1[0].u0/sync_reg

  Ref  DFF        Ref:/WORK/Design_Top/u_Data_Sync/u_Pulse_Gen/Q_reg
  Impl DFF        Imp:/WORK/Design_Top/u_Data_Sync/u_Pulse_Gen/Q_reg

  Ref  DFF        Ref:/WORK/Design_Top/u_REF_CLK_RST_SYN/u_Multi_Flop_Synchronizer/Q_reg[0]
  Impl DFF        Imp:/WORK/Design_Top/u_REF_CLK_RST_SYN/u_Multi_Flop_Synchronizer/Q_reg[0]

  Ref  DFF        Ref:/WORK/Design_Top/u_REF_CLK_RST_SYN/u_Multi_Flop_Synchronizer/sync_reg
  Impl DFF        Imp:/WORK/Design_Top/u_REF_CLK_RST_SYN/u_Multi_Flop_Synchronizer/sync_reg

  Ref  DFF        Ref:/WORK/Design_Top/u_REG_File/Memory_reg[0][0]
  Impl DFF        Imp:/WORK/Design_Top/u_REG_File/Memory_reg[0][0]

  Ref  DFF        Ref:/WORK/Design_Top/u_REG_File/Memory_reg[0][1]
  Impl DFF        Imp:/WORK/Design_Top/u_REG_File/Memory_reg[0][1]

  Ref  DFF        Ref:/WORK/Design_Top/u_REG_File/Memory_reg[0][2]
  Impl DFF        Imp:/WORK/Design_Top/u_REG_File/Memory_reg[0][2]

  Ref  DFF        Ref:/WORK/Design_Top/u_REG_File/Memory_reg[0][3]
  Impl DFF        Imp:/WORK/Design_Top/u_REG_File/Memory_reg[0][3]

  Ref  DFF        Ref:/WORK/Design_Top/u_REG_File/Memory_reg[0][4]
  Impl DFF        Imp:/WORK/Design_Top/u_REG_File/Memory_reg[0][4]

  Ref  DFF        Ref:/WORK/Design_Top/u_REG_File/Memory_reg[0][5]
  Impl DFF        Imp:/WORK/Design_Top/u_REG_File/Memory_reg[0][5]

  Ref  DFF        Ref:/WORK/Design_Top/u_REG_File/Memory_reg[0][6]
  Impl DFF        Imp:/WORK/Design_Top/u_REG_File/Memory_reg[0][6]

  Ref  DFF        Ref:/WORK/Design_Top/u_REG_File/Memory_reg[0][7]
  Impl DFF        Imp:/WORK/Design_Top/u_REG_File/Memory_reg[0][7]

  Ref  DFF        Ref:/WORK/Design_Top/u_REG_File/Memory_reg[10][0]
  Impl DFF        Imp:/WORK/Design_Top/u_REG_File/Memory_reg[10][0]

  Ref  DFF        Ref:/WORK/Design_Top/u_REG_File/Memory_reg[10][1]
  Impl DFF        Imp:/WORK/Design_Top/u_REG_File/Memory_reg[10][1]

  Ref  DFF        Ref:/WORK/Design_Top/u_REG_File/Memory_reg[10][2]
  Impl DFF        Imp:/WORK/Design_Top/u_REG_File/Memory_reg[10][2]

  Ref  DFF        Ref:/WORK/Design_Top/u_REG_File/Memory_reg[10][3]
  Impl DFF        Imp:/WORK/Design_Top/u_REG_File/Memory_reg[10][3]

  Ref  DFF        Ref:/WORK/Design_Top/u_REG_File/Memory_reg[10][4]
  Impl DFF        Imp:/WORK/Design_Top/u_REG_File/Memory_reg[10][4]

  Ref  DFF        Ref:/WORK/Design_Top/u_REG_File/Memory_reg[10][5]
  Impl DFF        Imp:/WORK/Design_Top/u_REG_File/Memory_reg[10][5]

  Ref  DFF        Ref:/WORK/Design_Top/u_REG_File/Memory_reg[10][6]
  Impl DFF        Imp:/WORK/Design_Top/u_REG_File/Memory_reg[10][6]

  Ref  DFF        Ref:/WORK/Design_Top/u_REG_File/Memory_reg[10][7]
  Impl DFF        Imp:/WORK/Design_Top/u_REG_File/Memory_reg[10][7]

  Ref  DFF        Ref:/WORK/Design_Top/u_REG_File/Memory_reg[11][0]
  Impl DFF        Imp:/WORK/Design_Top/u_REG_File/Memory_reg[11][0]

  Ref  DFF        Ref:/WORK/Design_Top/u_REG_File/Memory_reg[11][1]
  Impl DFF        Imp:/WORK/Design_Top/u_REG_File/Memory_reg[11][1]

  Ref  DFF        Ref:/WORK/Design_Top/u_REG_File/Memory_reg[11][2]
  Impl DFF        Imp:/WORK/Design_Top/u_REG_File/Memory_reg[11][2]

  Ref  DFF        Ref:/WORK/Design_Top/u_REG_File/Memory_reg[11][3]
  Impl DFF        Imp:/WORK/Design_Top/u_REG_File/Memory_reg[11][3]

  Ref  DFF        Ref:/WORK/Design_Top/u_REG_File/Memory_reg[11][4]
  Impl DFF        Imp:/WORK/Design_Top/u_REG_File/Memory_reg[11][4]

  Ref  DFF        Ref:/WORK/Design_Top/u_REG_File/Memory_reg[11][5]
  Impl DFF        Imp:/WORK/Design_Top/u_REG_File/Memory_reg[11][5]

  Ref  DFF        Ref:/WORK/Design_Top/u_REG_File/Memory_reg[11][6]
  Impl DFF        Imp:/WORK/Design_Top/u_REG_File/Memory_reg[11][6]

  Ref  DFF        Ref:/WORK/Design_Top/u_REG_File/Memory_reg[11][7]
  Impl DFF        Imp:/WORK/Design_Top/u_REG_File/Memory_reg[11][7]

  Ref  DFF        Ref:/WORK/Design_Top/u_REG_File/Memory_reg[12][0]
  Impl DFF        Imp:/WORK/Design_Top/u_REG_File/Memory_reg[12][0]

  Ref  DFF        Ref:/WORK/Design_Top/u_REG_File/Memory_reg[12][1]
  Impl DFF        Imp:/WORK/Design_Top/u_REG_File/Memory_reg[12][1]

  Ref  DFF        Ref:/WORK/Design_Top/u_REG_File/Memory_reg[12][2]
  Impl DFF        Imp:/WORK/Design_Top/u_REG_File/Memory_reg[12][2]

  Ref  DFF        Ref:/WORK/Design_Top/u_REG_File/Memory_reg[12][3]
  Impl DFF        Imp:/WORK/Design_Top/u_REG_File/Memory_reg[12][3]

  Ref  DFF        Ref:/WORK/Design_Top/u_REG_File/Memory_reg[12][4]
  Impl DFF        Imp:/WORK/Design_Top/u_REG_File/Memory_reg[12][4]

  Ref  DFF        Ref:/WORK/Design_Top/u_REG_File/Memory_reg[12][5]
  Impl DFF        Imp:/WORK/Design_Top/u_REG_File/Memory_reg[12][5]

  Ref  DFF        Ref:/WORK/Design_Top/u_REG_File/Memory_reg[12][6]
  Impl DFF        Imp:/WORK/Design_Top/u_REG_File/Memory_reg[12][6]

  Ref  DFF        Ref:/WORK/Design_Top/u_REG_File/Memory_reg[12][7]
  Impl DFF        Imp:/WORK/Design_Top/u_REG_File/Memory_reg[12][7]

  Ref  DFF        Ref:/WORK/Design_Top/u_REG_File/Memory_reg[13][0]
  Impl DFF        Imp:/WORK/Design_Top/u_REG_File/Memory_reg[13][0]

  Ref  DFF        Ref:/WORK/Design_Top/u_REG_File/Memory_reg[13][1]
  Impl DFF        Imp:/WORK/Design_Top/u_REG_File/Memory_reg[13][1]

  Ref  DFF        Ref:/WORK/Design_Top/u_REG_File/Memory_reg[13][2]
  Impl DFF        Imp:/WORK/Design_Top/u_REG_File/Memory_reg[13][2]

  Ref  DFF        Ref:/WORK/Design_Top/u_REG_File/Memory_reg[13][3]
  Impl DFF        Imp:/WORK/Design_Top/u_REG_File/Memory_reg[13][3]

  Ref  DFF        Ref:/WORK/Design_Top/u_REG_File/Memory_reg[13][4]
  Impl DFF        Imp:/WORK/Design_Top/u_REG_File/Memory_reg[13][4]

  Ref  DFF        Ref:/WORK/Design_Top/u_REG_File/Memory_reg[13][5]
  Impl DFF        Imp:/WORK/Design_Top/u_REG_File/Memory_reg[13][5]

  Ref  DFF        Ref:/WORK/Design_Top/u_REG_File/Memory_reg[13][6]
  Impl DFF        Imp:/WORK/Design_Top/u_REG_File/Memory_reg[13][6]

  Ref  DFF        Ref:/WORK/Design_Top/u_REG_File/Memory_reg[13][7]
  Impl DFF        Imp:/WORK/Design_Top/u_REG_File/Memory_reg[13][7]

  Ref  DFF        Ref:/WORK/Design_Top/u_REG_File/Memory_reg[14][0]
  Impl DFF        Imp:/WORK/Design_Top/u_REG_File/Memory_reg[14][0]

  Ref  DFF        Ref:/WORK/Design_Top/u_REG_File/Memory_reg[14][1]
  Impl DFF        Imp:/WORK/Design_Top/u_REG_File/Memory_reg[14][1]

  Ref  DFF        Ref:/WORK/Design_Top/u_REG_File/Memory_reg[14][2]
  Impl DFF        Imp:/WORK/Design_Top/u_REG_File/Memory_reg[14][2]

  Ref  DFF        Ref:/WORK/Design_Top/u_REG_File/Memory_reg[14][3]
  Impl DFF        Imp:/WORK/Design_Top/u_REG_File/Memory_reg[14][3]

  Ref  DFF        Ref:/WORK/Design_Top/u_REG_File/Memory_reg[14][4]
  Impl DFF        Imp:/WORK/Design_Top/u_REG_File/Memory_reg[14][4]

  Ref  DFF        Ref:/WORK/Design_Top/u_REG_File/Memory_reg[14][5]
  Impl DFF        Imp:/WORK/Design_Top/u_REG_File/Memory_reg[14][5]

  Ref  DFF        Ref:/WORK/Design_Top/u_REG_File/Memory_reg[14][6]
  Impl DFF        Imp:/WORK/Design_Top/u_REG_File/Memory_reg[14][6]

  Ref  DFF        Ref:/WORK/Design_Top/u_REG_File/Memory_reg[14][7]
  Impl DFF        Imp:/WORK/Design_Top/u_REG_File/Memory_reg[14][7]

  Ref  DFF        Ref:/WORK/Design_Top/u_REG_File/Memory_reg[15][0]
  Impl DFF        Imp:/WORK/Design_Top/u_REG_File/Memory_reg[15][0]

  Ref  DFF        Ref:/WORK/Design_Top/u_REG_File/Memory_reg[15][1]
  Impl DFF        Imp:/WORK/Design_Top/u_REG_File/Memory_reg[15][1]

  Ref  DFF        Ref:/WORK/Design_Top/u_REG_File/Memory_reg[15][2]
  Impl DFF        Imp:/WORK/Design_Top/u_REG_File/Memory_reg[15][2]

  Ref  DFF        Ref:/WORK/Design_Top/u_REG_File/Memory_reg[15][3]
  Impl DFF        Imp:/WORK/Design_Top/u_REG_File/Memory_reg[15][3]

  Ref  DFF        Ref:/WORK/Design_Top/u_REG_File/Memory_reg[15][4]
  Impl DFF        Imp:/WORK/Design_Top/u_REG_File/Memory_reg[15][4]

  Ref  DFF        Ref:/WORK/Design_Top/u_REG_File/Memory_reg[15][5]
  Impl DFF        Imp:/WORK/Design_Top/u_REG_File/Memory_reg[15][5]

  Ref  DFF        Ref:/WORK/Design_Top/u_REG_File/Memory_reg[15][6]
  Impl DFF        Imp:/WORK/Design_Top/u_REG_File/Memory_reg[15][6]

  Ref  DFF        Ref:/WORK/Design_Top/u_REG_File/Memory_reg[15][7]
  Impl DFF        Imp:/WORK/Design_Top/u_REG_File/Memory_reg[15][7]

  Ref  DFF        Ref:/WORK/Design_Top/u_REG_File/Memory_reg[1][0]
  Impl DFF        Imp:/WORK/Design_Top/u_REG_File/Memory_reg[1][0]

  Ref  DFF        Ref:/WORK/Design_Top/u_REG_File/Memory_reg[1][1]
  Impl DFF        Imp:/WORK/Design_Top/u_REG_File/Memory_reg[1][1]

  Ref  DFF        Ref:/WORK/Design_Top/u_REG_File/Memory_reg[1][2]
  Impl DFF        Imp:/WORK/Design_Top/u_REG_File/Memory_reg[1][2]

  Ref  DFF        Ref:/WORK/Design_Top/u_REG_File/Memory_reg[1][3]
  Impl DFF        Imp:/WORK/Design_Top/u_REG_File/Memory_reg[1][3]

  Ref  DFF        Ref:/WORK/Design_Top/u_REG_File/Memory_reg[1][4]
  Impl DFF        Imp:/WORK/Design_Top/u_REG_File/Memory_reg[1][4]

  Ref  DFF        Ref:/WORK/Design_Top/u_REG_File/Memory_reg[1][5]
  Impl DFF        Imp:/WORK/Design_Top/u_REG_File/Memory_reg[1][5]

  Ref  DFF        Ref:/WORK/Design_Top/u_REG_File/Memory_reg[1][6]
  Impl DFF        Imp:/WORK/Design_Top/u_REG_File/Memory_reg[1][6]

  Ref  DFF        Ref:/WORK/Design_Top/u_REG_File/Memory_reg[1][7]
  Impl DFF        Imp:/WORK/Design_Top/u_REG_File/Memory_reg[1][7]

  Ref  DFF        Ref:/WORK/Design_Top/u_REG_File/Memory_reg[2][0]
  Impl DFF        Imp:/WORK/Design_Top/u_REG_File/Memory_reg[2][0]

  Ref  DFF        Ref:/WORK/Design_Top/u_REG_File/Memory_reg[2][1]
  Impl DFF        Imp:/WORK/Design_Top/u_REG_File/Memory_reg[2][1]

  Ref  DFF        Ref:/WORK/Design_Top/u_REG_File/Memory_reg[2][2]
  Impl DFF        Imp:/WORK/Design_Top/u_REG_File/Memory_reg[2][2]

  Ref  DFF        Ref:/WORK/Design_Top/u_REG_File/Memory_reg[2][3]
  Impl DFF        Imp:/WORK/Design_Top/u_REG_File/Memory_reg[2][3]

  Ref  DFF        Ref:/WORK/Design_Top/u_REG_File/Memory_reg[2][4]
  Impl DFF        Imp:/WORK/Design_Top/u_REG_File/Memory_reg[2][4]

  Ref  DFF        Ref:/WORK/Design_Top/u_REG_File/Memory_reg[2][5]
  Impl DFF        Imp:/WORK/Design_Top/u_REG_File/Memory_reg[2][5]

  Ref  DFF        Ref:/WORK/Design_Top/u_REG_File/Memory_reg[2][6]
  Impl DFF        Imp:/WORK/Design_Top/u_REG_File/Memory_reg[2][6]

  Ref  DFF        Ref:/WORK/Design_Top/u_REG_File/Memory_reg[2][7]
  Impl DFF        Imp:/WORK/Design_Top/u_REG_File/Memory_reg[2][7]

  Ref  DFF        Ref:/WORK/Design_Top/u_REG_File/Memory_reg[3][0]
  Impl DFF        Imp:/WORK/Design_Top/u_REG_File/Memory_reg[3][0]

  Ref  DFF        Ref:/WORK/Design_Top/u_REG_File/Memory_reg[3][1]
  Impl DFF        Imp:/WORK/Design_Top/u_REG_File/Memory_reg[3][1]

  Ref  DFF        Ref:/WORK/Design_Top/u_REG_File/Memory_reg[3][2]
  Impl DFF        Imp:/WORK/Design_Top/u_REG_File/Memory_reg[3][2]

  Ref  DFF        Ref:/WORK/Design_Top/u_REG_File/Memory_reg[3][3]
  Impl DFF        Imp:/WORK/Design_Top/u_REG_File/Memory_reg[3][3]

  Ref  DFF        Ref:/WORK/Design_Top/u_REG_File/Memory_reg[3][4]
  Impl DFF        Imp:/WORK/Design_Top/u_REG_File/Memory_reg[3][4]

  Ref  DFF        Ref:/WORK/Design_Top/u_REG_File/Memory_reg[3][5]
  Impl DFF        Imp:/WORK/Design_Top/u_REG_File/Memory_reg[3][5]

  Ref  DFF        Ref:/WORK/Design_Top/u_REG_File/Memory_reg[3][6]
  Impl DFF        Imp:/WORK/Design_Top/u_REG_File/Memory_reg[3][6]

  Ref  DFF        Ref:/WORK/Design_Top/u_REG_File/Memory_reg[3][7]
  Impl DFF        Imp:/WORK/Design_Top/u_REG_File/Memory_reg[3][7]

  Ref  DFF        Ref:/WORK/Design_Top/u_REG_File/Memory_reg[4][0]
  Impl DFF        Imp:/WORK/Design_Top/u_REG_File/Memory_reg[4][0]

  Ref  DFF        Ref:/WORK/Design_Top/u_REG_File/Memory_reg[4][1]
  Impl DFF        Imp:/WORK/Design_Top/u_REG_File/Memory_reg[4][1]

  Ref  DFF        Ref:/WORK/Design_Top/u_REG_File/Memory_reg[4][2]
  Impl DFF        Imp:/WORK/Design_Top/u_REG_File/Memory_reg[4][2]

  Ref  DFF        Ref:/WORK/Design_Top/u_REG_File/Memory_reg[4][3]
  Impl DFF        Imp:/WORK/Design_Top/u_REG_File/Memory_reg[4][3]

  Ref  DFF        Ref:/WORK/Design_Top/u_REG_File/Memory_reg[4][4]
  Impl DFF        Imp:/WORK/Design_Top/u_REG_File/Memory_reg[4][4]

  Ref  DFF        Ref:/WORK/Design_Top/u_REG_File/Memory_reg[4][5]
  Impl DFF        Imp:/WORK/Design_Top/u_REG_File/Memory_reg[4][5]

  Ref  DFF        Ref:/WORK/Design_Top/u_REG_File/Memory_reg[4][6]
  Impl DFF        Imp:/WORK/Design_Top/u_REG_File/Memory_reg[4][6]

  Ref  DFF        Ref:/WORK/Design_Top/u_REG_File/Memory_reg[4][7]
  Impl DFF        Imp:/WORK/Design_Top/u_REG_File/Memory_reg[4][7]

  Ref  DFF        Ref:/WORK/Design_Top/u_REG_File/Memory_reg[5][0]
  Impl DFF        Imp:/WORK/Design_Top/u_REG_File/Memory_reg[5][0]

  Ref  DFF        Ref:/WORK/Design_Top/u_REG_File/Memory_reg[5][1]
  Impl DFF        Imp:/WORK/Design_Top/u_REG_File/Memory_reg[5][1]

  Ref  DFF        Ref:/WORK/Design_Top/u_REG_File/Memory_reg[5][2]
  Impl DFF        Imp:/WORK/Design_Top/u_REG_File/Memory_reg[5][2]

  Ref  DFF        Ref:/WORK/Design_Top/u_REG_File/Memory_reg[5][3]
  Impl DFF        Imp:/WORK/Design_Top/u_REG_File/Memory_reg[5][3]

  Ref  DFF        Ref:/WORK/Design_Top/u_REG_File/Memory_reg[5][4]
  Impl DFF        Imp:/WORK/Design_Top/u_REG_File/Memory_reg[5][4]

  Ref  DFF        Ref:/WORK/Design_Top/u_REG_File/Memory_reg[5][5]
  Impl DFF        Imp:/WORK/Design_Top/u_REG_File/Memory_reg[5][5]

  Ref  DFF        Ref:/WORK/Design_Top/u_REG_File/Memory_reg[5][6]
  Impl DFF        Imp:/WORK/Design_Top/u_REG_File/Memory_reg[5][6]

  Ref  DFF        Ref:/WORK/Design_Top/u_REG_File/Memory_reg[5][7]
  Impl DFF        Imp:/WORK/Design_Top/u_REG_File/Memory_reg[5][7]

  Ref  DFF        Ref:/WORK/Design_Top/u_REG_File/Memory_reg[6][0]
  Impl DFF        Imp:/WORK/Design_Top/u_REG_File/Memory_reg[6][0]

  Ref  DFF        Ref:/WORK/Design_Top/u_REG_File/Memory_reg[6][1]
  Impl DFF        Imp:/WORK/Design_Top/u_REG_File/Memory_reg[6][1]

  Ref  DFF        Ref:/WORK/Design_Top/u_REG_File/Memory_reg[6][2]
  Impl DFF        Imp:/WORK/Design_Top/u_REG_File/Memory_reg[6][2]

  Ref  DFF        Ref:/WORK/Design_Top/u_REG_File/Memory_reg[6][3]
  Impl DFF        Imp:/WORK/Design_Top/u_REG_File/Memory_reg[6][3]

  Ref  DFF        Ref:/WORK/Design_Top/u_REG_File/Memory_reg[6][4]
  Impl DFF        Imp:/WORK/Design_Top/u_REG_File/Memory_reg[6][4]

  Ref  DFF        Ref:/WORK/Design_Top/u_REG_File/Memory_reg[6][5]
  Impl DFF        Imp:/WORK/Design_Top/u_REG_File/Memory_reg[6][5]

  Ref  DFF        Ref:/WORK/Design_Top/u_REG_File/Memory_reg[6][6]
  Impl DFF        Imp:/WORK/Design_Top/u_REG_File/Memory_reg[6][6]

  Ref  DFF        Ref:/WORK/Design_Top/u_REG_File/Memory_reg[6][7]
  Impl DFF        Imp:/WORK/Design_Top/u_REG_File/Memory_reg[6][7]

  Ref  DFF        Ref:/WORK/Design_Top/u_REG_File/Memory_reg[7][0]
  Impl DFF        Imp:/WORK/Design_Top/u_REG_File/Memory_reg[7][0]

  Ref  DFF        Ref:/WORK/Design_Top/u_REG_File/Memory_reg[7][1]
  Impl DFF        Imp:/WORK/Design_Top/u_REG_File/Memory_reg[7][1]

  Ref  DFF        Ref:/WORK/Design_Top/u_REG_File/Memory_reg[7][2]
  Impl DFF        Imp:/WORK/Design_Top/u_REG_File/Memory_reg[7][2]

  Ref  DFF        Ref:/WORK/Design_Top/u_REG_File/Memory_reg[7][3]
  Impl DFF        Imp:/WORK/Design_Top/u_REG_File/Memory_reg[7][3]

  Ref  DFF        Ref:/WORK/Design_Top/u_REG_File/Memory_reg[7][4]
  Impl DFF        Imp:/WORK/Design_Top/u_REG_File/Memory_reg[7][4]

  Ref  DFF        Ref:/WORK/Design_Top/u_REG_File/Memory_reg[7][5]
  Impl DFF        Imp:/WORK/Design_Top/u_REG_File/Memory_reg[7][5]

  Ref  DFF        Ref:/WORK/Design_Top/u_REG_File/Memory_reg[7][6]
  Impl DFF        Imp:/WORK/Design_Top/u_REG_File/Memory_reg[7][6]

  Ref  DFF        Ref:/WORK/Design_Top/u_REG_File/Memory_reg[7][7]
  Impl DFF        Imp:/WORK/Design_Top/u_REG_File/Memory_reg[7][7]

  Ref  DFF        Ref:/WORK/Design_Top/u_REG_File/Memory_reg[8][0]
  Impl DFF        Imp:/WORK/Design_Top/u_REG_File/Memory_reg[8][0]

  Ref  DFF        Ref:/WORK/Design_Top/u_REG_File/Memory_reg[8][1]
  Impl DFF        Imp:/WORK/Design_Top/u_REG_File/Memory_reg[8][1]

  Ref  DFF        Ref:/WORK/Design_Top/u_REG_File/Memory_reg[8][2]
  Impl DFF        Imp:/WORK/Design_Top/u_REG_File/Memory_reg[8][2]

  Ref  DFF        Ref:/WORK/Design_Top/u_REG_File/Memory_reg[8][3]
  Impl DFF        Imp:/WORK/Design_Top/u_REG_File/Memory_reg[8][3]

  Ref  DFF        Ref:/WORK/Design_Top/u_REG_File/Memory_reg[8][4]
  Impl DFF        Imp:/WORK/Design_Top/u_REG_File/Memory_reg[8][4]

  Ref  DFF        Ref:/WORK/Design_Top/u_REG_File/Memory_reg[8][5]
  Impl DFF        Imp:/WORK/Design_Top/u_REG_File/Memory_reg[8][5]

  Ref  DFF        Ref:/WORK/Design_Top/u_REG_File/Memory_reg[8][6]
  Impl DFF        Imp:/WORK/Design_Top/u_REG_File/Memory_reg[8][6]

  Ref  DFF        Ref:/WORK/Design_Top/u_REG_File/Memory_reg[8][7]
  Impl DFF        Imp:/WORK/Design_Top/u_REG_File/Memory_reg[8][7]

  Ref  DFF        Ref:/WORK/Design_Top/u_REG_File/Memory_reg[9][0]
  Impl DFF        Imp:/WORK/Design_Top/u_REG_File/Memory_reg[9][0]

  Ref  DFF        Ref:/WORK/Design_Top/u_REG_File/Memory_reg[9][1]
  Impl DFF        Imp:/WORK/Design_Top/u_REG_File/Memory_reg[9][1]

  Ref  DFF        Ref:/WORK/Design_Top/u_REG_File/Memory_reg[9][2]
  Impl DFF        Imp:/WORK/Design_Top/u_REG_File/Memory_reg[9][2]

  Ref  DFF        Ref:/WORK/Design_Top/u_REG_File/Memory_reg[9][3]
  Impl DFF        Imp:/WORK/Design_Top/u_REG_File/Memory_reg[9][3]

  Ref  DFF        Ref:/WORK/Design_Top/u_REG_File/Memory_reg[9][4]
  Impl DFF        Imp:/WORK/Design_Top/u_REG_File/Memory_reg[9][4]

  Ref  DFF        Ref:/WORK/Design_Top/u_REG_File/Memory_reg[9][5]
  Impl DFF        Imp:/WORK/Design_Top/u_REG_File/Memory_reg[9][5]

  Ref  DFF        Ref:/WORK/Design_Top/u_REG_File/Memory_reg[9][6]
  Impl DFF        Imp:/WORK/Design_Top/u_REG_File/Memory_reg[9][6]

  Ref  DFF        Ref:/WORK/Design_Top/u_REG_File/Memory_reg[9][7]
  Impl DFF        Imp:/WORK/Design_Top/u_REG_File/Memory_reg[9][7]

  Ref  DFF        Ref:/WORK/Design_Top/u_RST_Sync/u_Multi_Flop_Synchronizer/Q_reg[0]
  Impl DFF        Imp:/WORK/Design_Top/u_RST_Sync/u_Multi_Flop_Synchronizer/Q_reg[0]

  Ref  DFF        Ref:/WORK/Design_Top/u_RST_Sync/u_Multi_Flop_Synchronizer/sync_reg
  Impl DFF        Imp:/WORK/Design_Top/u_RST_Sync/u_Multi_Flop_Synchronizer/sync_reg

  Ref  DFF        Ref:/WORK/Design_Top/u_RX_Controler/Current_State_reg[0]
  Impl DFF        Imp:/WORK/Design_Top/u_RX_Controler/Current_State_reg[0]

  Ref  DFF        Ref:/WORK/Design_Top/u_RX_Controler/Current_State_reg[1]
  Impl DFF        Imp:/WORK/Design_Top/u_RX_Controler/Current_State_reg[1]

  Ref  DFF        Ref:/WORK/Design_Top/u_RX_Controler/Current_State_reg[2]
  Impl DFF        Imp:/WORK/Design_Top/u_RX_Controler/Current_State_reg[2]

  Ref  DFF        Ref:/WORK/Design_Top/u_RX_Controler/Saved_Data_reg[0]
  Impl DFF        Imp:/WORK/Design_Top/u_RX_Controler/Saved_Data_reg[0]

  Ref  DFF        Ref:/WORK/Design_Top/u_RX_Controler/Saved_Data_reg[1]
  Impl DFF        Imp:/WORK/Design_Top/u_RX_Controler/Saved_Data_reg[1]

  Ref  DFF        Ref:/WORK/Design_Top/u_RX_Controler/Saved_Data_reg[2]
  Impl DFF        Imp:/WORK/Design_Top/u_RX_Controler/Saved_Data_reg[2]

  Ref  DFF        Ref:/WORK/Design_Top/u_RX_Controler/Saved_Data_reg[3]
  Impl DFF        Imp:/WORK/Design_Top/u_RX_Controler/Saved_Data_reg[3]

  Ref  DFF        Ref:/WORK/Design_Top/u_Tx_Controler/Current_State_reg[0]
  Impl DFF        Imp:/WORK/Design_Top/u_Tx_Controler/Current_State_reg[0]

  Ref  DFF        Ref:/WORK/Design_Top/u_Tx_Controler/Current_State_reg[1]
  Impl DFF        Imp:/WORK/Design_Top/u_Tx_Controler/Current_State_reg[1]

  Ref  DFF        Ref:/WORK/Design_Top/u_Tx_Controler/Current_State_reg[2]
  Impl DFF        Imp:/WORK/Design_Top/u_Tx_Controler/Current_State_reg[2]

  Ref  DFF        Ref:/WORK/Design_Top/u_Tx_Data_Syn/Enable_Pulse_reg
  Impl DFF        Imp:/WORK/Design_Top/u_Tx_Data_Syn/Enable_Pulse_reg

  Ref  DFF        Ref:/WORK/Design_Top/u_Tx_Data_Syn/Sync_Bus_reg[0]
  Impl DFF        Imp:/WORK/Design_Top/u_Tx_Data_Syn/Sync_Bus_reg[0]

  Ref  DFF        Ref:/WORK/Design_Top/u_Tx_Data_Syn/Sync_Bus_reg[1]
  Impl DFF        Imp:/WORK/Design_Top/u_Tx_Data_Syn/Sync_Bus_reg[1]

  Ref  DFF        Ref:/WORK/Design_Top/u_Tx_Data_Syn/Sync_Bus_reg[2]
  Impl DFF        Imp:/WORK/Design_Top/u_Tx_Data_Syn/Sync_Bus_reg[2]

  Ref  DFF        Ref:/WORK/Design_Top/u_Tx_Data_Syn/Sync_Bus_reg[3]
  Impl DFF        Imp:/WORK/Design_Top/u_Tx_Data_Syn/Sync_Bus_reg[3]

  Ref  DFF        Ref:/WORK/Design_Top/u_Tx_Data_Syn/Sync_Bus_reg[4]
  Impl DFF        Imp:/WORK/Design_Top/u_Tx_Data_Syn/Sync_Bus_reg[4]

  Ref  DFF        Ref:/WORK/Design_Top/u_Tx_Data_Syn/Sync_Bus_reg[5]
  Impl DFF        Imp:/WORK/Design_Top/u_Tx_Data_Syn/Sync_Bus_reg[5]

  Ref  DFF        Ref:/WORK/Design_Top/u_Tx_Data_Syn/Sync_Bus_reg[6]
  Impl DFF        Imp:/WORK/Design_Top/u_Tx_Data_Syn/Sync_Bus_reg[6]

  Ref  DFF        Ref:/WORK/Design_Top/u_Tx_Data_Syn/Sync_Bus_reg[7]
  Impl DFF        Imp:/WORK/Design_Top/u_Tx_Data_Syn/Sync_Bus_reg[7]

  Ref  DFF        Ref:/WORK/Design_Top/u_Tx_Data_Syn/u_Multi_Flop_Synchronizer_Multi_bits/genblk1[0].u0/Q_reg[0]
  Impl DFF        Imp:/WORK/Design_Top/u_Tx_Data_Syn/u_Multi_Flop_Synchronizer_Multi_bits/genblk1[0].u0/Q_reg[0]

  Ref  DFF        Ref:/WORK/Design_Top/u_Tx_Data_Syn/u_Multi_Flop_Synchronizer_Multi_bits/genblk1[0].u0/sync_reg
  Impl DFF        Imp:/WORK/Design_Top/u_Tx_Data_Syn/u_Multi_Flop_Synchronizer_Multi_bits/genblk1[0].u0/sync_reg

  Ref  DFF        Ref:/WORK/Design_Top/u_Tx_Data_Syn/u_Pulse_Gen/Q_reg
  Impl DFF        Imp:/WORK/Design_Top/u_Tx_Data_Syn/u_Pulse_Gen/Q_reg

  Ref  DFF        Ref:/WORK/Design_Top/u_UART/u_RX1/u_Counter_Unit/u_Bits_Counter/bits_counter_reg[0]
  Impl DFF        Imp:/WORK/Design_Top/u_UART/u_RX1/u_Counter_Unit/u_Bits_Counter/bits_counter_reg[0]

  Ref  DFF        Ref:/WORK/Design_Top/u_UART/u_RX1/u_Counter_Unit/u_Bits_Counter/bits_counter_reg[1]
  Impl DFF        Imp:/WORK/Design_Top/u_UART/u_RX1/u_Counter_Unit/u_Bits_Counter/bits_counter_reg[1]

  Ref  DFF        Ref:/WORK/Design_Top/u_UART/u_RX1/u_Counter_Unit/u_Bits_Counter/bits_counter_reg[2]
  Impl DFF        Imp:/WORK/Design_Top/u_UART/u_RX1/u_Counter_Unit/u_Bits_Counter/bits_counter_reg[2]

  Ref  DFF        Ref:/WORK/Design_Top/u_UART/u_RX1/u_Counter_Unit/u_Edge_Bit_Counter/edge_cnt_reg[0]
  Impl DFF        Imp:/WORK/Design_Top/u_UART/u_RX1/u_Counter_Unit/u_Edge_Bit_Counter/edge_cnt_reg[0]

  Ref  DFF        Ref:/WORK/Design_Top/u_UART/u_RX1/u_Counter_Unit/u_Edge_Bit_Counter/edge_cnt_reg[1]
  Impl DFF        Imp:/WORK/Design_Top/u_UART/u_RX1/u_Counter_Unit/u_Edge_Bit_Counter/edge_cnt_reg[1]

  Ref  DFF        Ref:/WORK/Design_Top/u_UART/u_RX1/u_Counter_Unit/u_Edge_Bit_Counter/edge_cnt_reg[2]
  Impl DFF        Imp:/WORK/Design_Top/u_UART/u_RX1/u_Counter_Unit/u_Edge_Bit_Counter/edge_cnt_reg[2]

  Ref  DFF        Ref:/WORK/Design_Top/u_UART/u_RX1/u_Counter_Unit/u_Edge_Bit_Counter/edge_cnt_reg[3]
  Impl DFF        Imp:/WORK/Design_Top/u_UART/u_RX1/u_Counter_Unit/u_Edge_Bit_Counter/edge_cnt_reg[3]

  Ref  DFF        Ref:/WORK/Design_Top/u_UART/u_RX1/u_Counter_Unit/u_Edge_Bit_Counter/edge_cnt_reg[4]
  Impl DFF        Imp:/WORK/Design_Top/u_UART/u_RX1/u_Counter_Unit/u_Edge_Bit_Counter/edge_cnt_reg[4]

  Ref  DFF        Ref:/WORK/Design_Top/u_UART/u_RX1/u_Counter_Unit/u_Edge_Bit_Counter/finish_reg
  Impl DFF        Imp:/WORK/Design_Top/u_UART/u_RX1/u_Counter_Unit/u_Edge_Bit_Counter/finish_reg

  Ref  DFF        Ref:/WORK/Design_Top/u_UART/u_RX1/u_Data_Sampling/bits_reg[0]
  Impl DFF        Imp:/WORK/Design_Top/u_UART/u_RX1/u_Data_Sampling/bits_reg[0]

  Ref  DFF        Ref:/WORK/Design_Top/u_UART/u_RX1/u_Data_Sampling/bits_reg[1]
  Impl DFF        Imp:/WORK/Design_Top/u_UART/u_RX1/u_Data_Sampling/bits_reg[1]

  Ref  DFF        Ref:/WORK/Design_Top/u_UART/u_RX1/u_Data_Sampling/bits_reg[2]
  Impl DFF        Imp:/WORK/Design_Top/u_UART/u_RX1/u_Data_Sampling/bits_reg[2]

  Ref  DFF        Ref:/WORK/Design_Top/u_UART/u_RX1/u_Deserializer/Data_reg[0]
  Impl DFF        Imp:/WORK/Design_Top/u_UART/u_RX1/u_Deserializer/Data_reg[0]

  Ref  DFF        Ref:/WORK/Design_Top/u_UART/u_RX1/u_Deserializer/Data_reg[1]
  Impl DFF        Imp:/WORK/Design_Top/u_UART/u_RX1/u_Deserializer/Data_reg[1]

  Ref  DFF        Ref:/WORK/Design_Top/u_UART/u_RX1/u_Deserializer/Data_reg[2]
  Impl DFF        Imp:/WORK/Design_Top/u_UART/u_RX1/u_Deserializer/Data_reg[2]

  Ref  DFF        Ref:/WORK/Design_Top/u_UART/u_RX1/u_Deserializer/Data_reg[3]
  Impl DFF        Imp:/WORK/Design_Top/u_UART/u_RX1/u_Deserializer/Data_reg[3]

  Ref  DFF        Ref:/WORK/Design_Top/u_UART/u_RX1/u_Deserializer/Data_reg[4]
  Impl DFF        Imp:/WORK/Design_Top/u_UART/u_RX1/u_Deserializer/Data_reg[4]

  Ref  DFF        Ref:/WORK/Design_Top/u_UART/u_RX1/u_Deserializer/Data_reg[5]
  Impl DFF        Imp:/WORK/Design_Top/u_UART/u_RX1/u_Deserializer/Data_reg[5]

  Ref  DFF        Ref:/WORK/Design_Top/u_UART/u_RX1/u_Deserializer/Data_reg[6]
  Impl DFF        Imp:/WORK/Design_Top/u_UART/u_RX1/u_Deserializer/Data_reg[6]

  Ref  DFF        Ref:/WORK/Design_Top/u_UART/u_RX1/u_Deserializer/Data_reg[7]
  Impl DFF        Imp:/WORK/Design_Top/u_UART/u_RX1/u_Deserializer/Data_reg[7]

  Ref  DFF        Ref:/WORK/Design_Top/u_UART/u_RX1/u_RX_FSM/CurrentState_reg[0]
  Impl DFF        Imp:/WORK/Design_Top/u_UART/u_RX1/u_RX_FSM/CurrentState_reg[0]

  Ref  DFF        Ref:/WORK/Design_Top/u_UART/u_RX1/u_RX_FSM/CurrentState_reg[1]
  Impl DFF        Imp:/WORK/Design_Top/u_UART/u_RX1/u_RX_FSM/CurrentState_reg[1]

  Ref  DFF        Ref:/WORK/Design_Top/u_UART/u_RX1/u_RX_FSM/CurrentState_reg[2]
  Impl DFF        Imp:/WORK/Design_Top/u_UART/u_RX1/u_RX_FSM/CurrentState_reg[2]

  Ref  DFF        Ref:/WORK/Design_Top/u_UART/u_RX1/u_RX_FSM/Error_REG_reg
  Impl DFF        Imp:/WORK/Design_Top/u_UART/u_RX1/u_RX_FSM/Error_REG_reg

  Ref  DFF        Ref:/WORK/Design_Top/u_UART/u_RX1/u_RX_FSM/data_valid_reg
  Impl DFF        Imp:/WORK/Design_Top/u_UART/u_RX1/u_RX_FSM/data_valid_reg

  Ref  DFF        Ref:/WORK/Design_Top/u_UART/u_UART_TX_Top1/u_FSM/Current_State_reg[0]
  Impl DFF        Imp:/WORK/Design_Top/u_UART/u_UART_TX_Top1/u_FSM/Current_State_reg[0]

  Ref  DFF        Ref:/WORK/Design_Top/u_UART/u_UART_TX_Top1/u_FSM/Current_State_reg[1]
  Impl DFF        Imp:/WORK/Design_Top/u_UART/u_UART_TX_Top1/u_FSM/Current_State_reg[1]

  Ref  DFF        Ref:/WORK/Design_Top/u_UART/u_UART_TX_Top1/u_Parity_Unit/Par_Bit_reg
  Impl DFF        Imp:/WORK/Design_Top/u_UART/u_UART_TX_Top1/u_Parity_Unit/Par_Bit_reg

  Ref  DFF        Ref:/WORK/Design_Top/u_UART/u_UART_TX_Top1/u_Serializer_Top/u_Counter/Counter_reg[0]
  Impl DFF        Imp:/WORK/Design_Top/u_UART/u_UART_TX_Top1/u_Serializer_Top/u_Counter/Counter_reg[0]

  Ref  DFF        Ref:/WORK/Design_Top/u_UART/u_UART_TX_Top1/u_Serializer_Top/u_Counter/Counter_reg[1]
  Impl DFF        Imp:/WORK/Design_Top/u_UART/u_UART_TX_Top1/u_Serializer_Top/u_Counter/Counter_reg[1]

  Ref  DFF        Ref:/WORK/Design_Top/u_UART/u_UART_TX_Top1/u_Serializer_Top/u_Counter/Counter_reg[2]
  Impl DFF        Imp:/WORK/Design_Top/u_UART/u_UART_TX_Top1/u_Serializer_Top/u_Counter/Counter_reg[2]

  Ref  DFF        Ref:/WORK/Design_Top/u_UART/u_UART_TX_Top1/u_Serializer_Top/u_Serializer/Data_reg[0]
  Impl DFF        Imp:/WORK/Design_Top/u_UART/u_UART_TX_Top1/u_Serializer_Top/u_Serializer/Data_reg[0]

  Ref  DFF        Ref:/WORK/Design_Top/u_UART/u_UART_TX_Top1/u_Serializer_Top/u_Serializer/Data_reg[1]
  Impl DFF        Imp:/WORK/Design_Top/u_UART/u_UART_TX_Top1/u_Serializer_Top/u_Serializer/Data_reg[1]

  Ref  DFF        Ref:/WORK/Design_Top/u_UART/u_UART_TX_Top1/u_Serializer_Top/u_Serializer/Data_reg[2]
  Impl DFF        Imp:/WORK/Design_Top/u_UART/u_UART_TX_Top1/u_Serializer_Top/u_Serializer/Data_reg[2]

  Ref  DFF        Ref:/WORK/Design_Top/u_UART/u_UART_TX_Top1/u_Serializer_Top/u_Serializer/Data_reg[3]
  Impl DFF        Imp:/WORK/Design_Top/u_UART/u_UART_TX_Top1/u_Serializer_Top/u_Serializer/Data_reg[3]

  Ref  DFF        Ref:/WORK/Design_Top/u_UART/u_UART_TX_Top1/u_Serializer_Top/u_Serializer/Data_reg[4]
  Impl DFF        Imp:/WORK/Design_Top/u_UART/u_UART_TX_Top1/u_Serializer_Top/u_Serializer/Data_reg[4]

  Ref  DFF        Ref:/WORK/Design_Top/u_UART/u_UART_TX_Top1/u_Serializer_Top/u_Serializer/Data_reg[5]
  Impl DFF        Imp:/WORK/Design_Top/u_UART/u_UART_TX_Top1/u_Serializer_Top/u_Serializer/Data_reg[5]

  Ref  DFF        Ref:/WORK/Design_Top/u_UART/u_UART_TX_Top1/u_Serializer_Top/u_Serializer/Data_reg[6]
  Impl DFF        Imp:/WORK/Design_Top/u_UART/u_UART_TX_Top1/u_Serializer_Top/u_Serializer/Data_reg[6]

  Ref  DFF        Ref:/WORK/Design_Top/u_UART/u_UART_TX_Top1/u_Serializer_Top/u_Serializer/Data_reg[7]
  Impl DFF        Imp:/WORK/Design_Top/u_UART/u_UART_TX_Top1/u_Serializer_Top/u_Serializer/Data_reg[7]

  Ref  Port       Ref:/WORK/Design_Top/TX_OUT
  Impl Port       Imp:/WORK/Design_Top/TX_OUT

 [BBNet: multiply-driven net
  BBPin: black-box pin
  Cut:   cut-point
  DFF:   non-constant DFF register
  DFF0:  constant 0 DFF register
  DFF1:  constant 1 DFF register
  DFFX:  constant X DFF register
  DFF0X: constrained 0X DFF register
  DFF1X: constrained 1X DFF register
  LAT:   non-constant latch register
  LAT0:  constant 0 latch register
  LAT1:  constant 1 latch register
  LATX:  constant X latch register
  LAT0X: constrained 0X latch register
  LAT1X: constrained 1X latch register
  LATCG: clock-gating latch register
  TLA:   transparent latch register
  TLA0X: transparent constrained 0X latch register
  TLA1X: transparent constrained 1X latch register
  Loop:  cycle break point
  Port:  primary (top-level) port
  Und:   undriven signal cut-point
  Unk:   unknown signal cut-point]

1
